{"/Users/ngalluzzo/conform/src/presets.ts": {"path":"/Users/ngalluzzo/conform/src/presets.ts","all":true,"statementMap":{"0":{"start":{"line":1,"column":0},"end":{"line":1,"column":36}},"2":{"start":{"line":3,"column":0},"end":{"line":3,"column":3}},"4":{"start":{"line":5,"column":0},"end":{"line":5,"column":3}},"5":{"start":{"line":6,"column":0},"end":{"line":6,"column":29}},"6":{"start":{"line":7,"column":0},"end":{"line":7,"column":23}},"7":{"start":{"line":8,"column":0},"end":{"line":8,"column":26}},"8":{"start":{"line":9,"column":0},"end":{"line":9,"column":20}},"9":{"start":{"line":10,"column":0},"end":{"line":10,"column":28}},"10":{"start":{"line":11,"column":0},"end":{"line":11,"column":5}},"12":{"start":{"line":13,"column":0},"end":{"line":13,"column":20}},"13":{"start":{"line":14,"column":0},"end":{"line":14,"column":23}},"14":{"start":{"line":15,"column":0},"end":{"line":15,"column":36}},"15":{"start":{"line":16,"column":0},"end":{"line":16,"column":5}},"17":{"start":{"line":18,"column":0},"end":{"line":18,"column":18}},"18":{"start":{"line":19,"column":0},"end":{"line":19,"column":21}},"19":{"start":{"line":20,"column":0},"end":{"line":20,"column":39}},"20":{"start":{"line":21,"column":0},"end":{"line":21,"column":5}},"22":{"start":{"line":23,"column":0},"end":{"line":23,"column":20}},"23":{"start":{"line":24,"column":0},"end":{"line":24,"column":21}},"24":{"start":{"line":25,"column":0},"end":{"line":25,"column":37}},"25":{"start":{"line":26,"column":0},"end":{"line":26,"column":5}},"27":{"start":{"line":28,"column":0},"end":{"line":28,"column":23}},"28":{"start":{"line":29,"column":0},"end":{"line":29,"column":23}},"29":{"start":{"line":30,"column":0},"end":{"line":30,"column":12}},"30":{"start":{"line":31,"column":0},"end":{"line":31,"column":20}},"31":{"start":{"line":32,"column":0},"end":{"line":32,"column":5}},"33":{"start":{"line":34,"column":0},"end":{"line":34,"column":26}},"34":{"start":{"line":35,"column":0},"end":{"line":35,"column":26}},"35":{"start":{"line":36,"column":0},"end":{"line":36,"column":20}},"36":{"start":{"line":37,"column":0},"end":{"line":37,"column":5}},"38":{"start":{"line":39,"column":0},"end":{"line":39,"column":21}},"39":{"start":{"line":40,"column":0},"end":{"line":40,"column":26}},"40":{"start":{"line":41,"column":0},"end":{"line":41,"column":20}},"41":{"start":{"line":42,"column":0},"end":{"line":42,"column":22}},"42":{"start":{"line":43,"column":0},"end":{"line":43,"column":5}},"44":{"start":{"line":45,"column":0},"end":{"line":45,"column":25}},"45":{"start":{"line":46,"column":0},"end":{"line":46,"column":24}},"46":{"start":{"line":47,"column":0},"end":{"line":47,"column":16}},"47":{"start":{"line":48,"column":0},"end":{"line":48,"column":14}},"48":{"start":{"line":49,"column":0},"end":{"line":49,"column":21}},"49":{"start":{"line":50,"column":0},"end":{"line":50,"column":5}},"51":{"start":{"line":52,"column":0},"end":{"line":52,"column":23}},"52":{"start":{"line":53,"column":0},"end":{"line":53,"column":24}},"53":{"start":{"line":54,"column":0},"end":{"line":54,"column":16}},"54":{"start":{"line":55,"column":0},"end":{"line":55,"column":15}},"55":{"start":{"line":56,"column":0},"end":{"line":56,"column":5}},"57":{"start":{"line":58,"column":0},"end":{"line":58,"column":23}},"58":{"start":{"line":59,"column":0},"end":{"line":59,"column":24}},"59":{"start":{"line":60,"column":0},"end":{"line":60,"column":22}},"60":{"start":{"line":61,"column":0},"end":{"line":61,"column":12}},"61":{"start":{"line":62,"column":0},"end":{"line":62,"column":21}},"62":{"start":{"line":63,"column":0},"end":{"line":63,"column":5}},"63":{"start":{"line":64,"column":0},"end":{"line":64,"column":11}}},"s":{"0":0,"2":0,"4":0,"5":0,"6":0,"7":0,"8":0,"9":0,"10":0,"12":0,"13":0,"14":0,"15":0,"17":0,"18":0,"19":0,"20":0,"22":0,"23":0,"24":0,"25":0,"27":0,"28":0,"29":0,"30":0,"31":0,"33":0,"34":0,"35":0,"36":0,"38":0,"39":0,"40":0,"41":0,"42":0,"44":0,"45":0,"46":0,"47":0,"48":0,"49":0,"51":0,"52":0,"53":0,"54":0,"55":0,"57":0,"58":0,"59":0,"60":0,"61":0,"62":0,"63":0},"branchMap":{"0":{"type":"branch","line":1,"loc":{"start":{"line":1,"column":1094},"end":{"line":64,"column":11}},"locations":[{"start":{"line":1,"column":1094},"end":{"line":64,"column":11}}]}},"b":{"0":[0]},"fnMap":{"0":{"name":"(empty-report)","decl":{"start":{"line":1,"column":1094},"end":{"line":64,"column":11}},"loc":{"start":{"line":1,"column":1094},"end":{"line":64,"column":11}},"line":1}},"f":{"0":0}}
,"/Users/ngalluzzo/conform/src/rule-evaluator.ts": {"path":"/Users/ngalluzzo/conform/src/rule-evaluator.ts","all":false,"statementMap":{"22":{"start":{"line":23,"column":0},"end":{"line":23,"column":3}},"24":{"start":{"line":25,"column":0},"end":{"line":25,"column":3}},"25":{"start":{"line":26,"column":0},"end":{"line":26,"column":36}},"26":{"start":{"line":27,"column":0},"end":{"line":27,"column":26}},"27":{"start":{"line":28,"column":0},"end":{"line":28,"column":27}},"28":{"start":{"line":29,"column":0},"end":{"line":29,"column":40}},"29":{"start":{"line":30,"column":0},"end":{"line":30,"column":46}},"31":{"start":{"line":32,"column":0},"end":{"line":32,"column":28}},"32":{"start":{"line":33,"column":0},"end":{"line":33,"column":6}},"33":{"start":{"line":34,"column":0},"end":{"line":34,"column":61}},"34":{"start":{"line":35,"column":0},"end":{"line":35,"column":48}},"35":{"start":{"line":36,"column":0},"end":{"line":36,"column":5}},"36":{"start":{"line":37,"column":0},"end":{"line":37,"column":17}},"37":{"start":{"line":38,"column":0},"end":{"line":38,"column":3}},"39":{"start":{"line":40,"column":0},"end":{"line":40,"column":18}},"40":{"start":{"line":41,"column":0},"end":{"line":41,"column":29}},"41":{"start":{"line":42,"column":0},"end":{"line":42,"column":17}},"42":{"start":{"line":43,"column":0},"end":{"line":43,"column":3}},"44":{"start":{"line":45,"column":0},"end":{"line":45,"column":47}},"45":{"start":{"line":46,"column":0},"end":{"line":46,"column":52}},"46":{"start":{"line":47,"column":0},"end":{"line":47,"column":22}},"47":{"start":{"line":48,"column":0},"end":{"line":48,"column":52}},"48":{"start":{"line":49,"column":0},"end":{"line":49,"column":51}},"49":{"start":{"line":50,"column":0},"end":{"line":50,"column":60}},"51":{"start":{"line":52,"column":0},"end":{"line":52,"column":55}},"52":{"start":{"line":53,"column":0},"end":{"line":53,"column":78}},"53":{"start":{"line":54,"column":0},"end":{"line":54,"column":56}},"54":{"start":{"line":55,"column":0},"end":{"line":55,"column":40}},"55":{"start":{"line":56,"column":0},"end":{"line":56,"column":14}},"56":{"start":{"line":57,"column":0},"end":{"line":57,"column":78}},"57":{"start":{"line":58,"column":0},"end":{"line":58,"column":13}},"58":{"start":{"line":59,"column":0},"end":{"line":59,"column":71}},"59":{"start":{"line":60,"column":0},"end":{"line":60,"column":18}},"60":{"start":{"line":61,"column":0},"end":{"line":61,"column":29}},"61":{"start":{"line":62,"column":0},"end":{"line":62,"column":11}},"62":{"start":{"line":63,"column":0},"end":{"line":63,"column":9}},"63":{"start":{"line":64,"column":0},"end":{"line":64,"column":7}},"65":{"start":{"line":66,"column":0},"end":{"line":66,"column":24}},"66":{"start":{"line":67,"column":0},"end":{"line":67,"column":5}},"68":{"start":{"line":69,"column":0},"end":{"line":69,"column":24}},"69":{"start":{"line":70,"column":0},"end":{"line":70,"column":54}},"70":{"start":{"line":71,"column":0},"end":{"line":71,"column":55}},"71":{"start":{"line":72,"column":0},"end":{"line":72,"column":45}},"72":{"start":{"line":73,"column":0},"end":{"line":73,"column":42}},"74":{"start":{"line":75,"column":0},"end":{"line":75,"column":31}},"75":{"start":{"line":76,"column":0},"end":{"line":76,"column":12}},"76":{"start":{"line":77,"column":0},"end":{"line":77,"column":61}},"77":{"start":{"line":78,"column":0},"end":{"line":78,"column":29}},"78":{"start":{"line":79,"column":0},"end":{"line":79,"column":11}},"79":{"start":{"line":80,"column":0},"end":{"line":80,"column":72}},"80":{"start":{"line":81,"column":0},"end":{"line":81,"column":16}},"81":{"start":{"line":82,"column":0},"end":{"line":82,"column":27}},"82":{"start":{"line":83,"column":0},"end":{"line":83,"column":9}},"83":{"start":{"line":84,"column":0},"end":{"line":84,"column":7}},"85":{"start":{"line":86,"column":0},"end":{"line":86,"column":26}},"86":{"start":{"line":87,"column":0},"end":{"line":87,"column":5}},"88":{"start":{"line":89,"column":0},"end":{"line":89,"column":25}},"89":{"start":{"line":90,"column":0},"end":{"line":90,"column":55}},"90":{"start":{"line":91,"column":0},"end":{"line":91,"column":53}},"91":{"start":{"line":92,"column":0},"end":{"line":92,"column":49}},"93":{"start":{"line":94,"column":0},"end":{"line":94,"column":39}},"94":{"start":{"line":95,"column":0},"end":{"line":95,"column":47}},"95":{"start":{"line":96,"column":0},"end":{"line":96,"column":30}},"96":{"start":{"line":97,"column":0},"end":{"line":97,"column":36}},"97":{"start":{"line":98,"column":0},"end":{"line":98,"column":20}},"98":{"start":{"line":99,"column":0},"end":{"line":99,"column":28}},"99":{"start":{"line":100,"column":0},"end":{"line":100,"column":31}},"101":{"start":{"line":102,"column":0},"end":{"line":102,"column":16}},"102":{"start":{"line":103,"column":0},"end":{"line":103,"column":29}},"103":{"start":{"line":104,"column":0},"end":{"line":104,"column":7}},"105":{"start":{"line":106,"column":0},"end":{"line":106,"column":59}},"106":{"start":{"line":107,"column":0},"end":{"line":107,"column":5}},"108":{"start":{"line":109,"column":0},"end":{"line":109,"column":36}},"109":{"start":{"line":110,"column":0},"end":{"line":110,"column":17}},"110":{"start":{"line":111,"column":0},"end":{"line":111,"column":3}},"112":{"start":{"line":113,"column":0},"end":{"line":113,"column":15}},"113":{"start":{"line":114,"column":0},"end":{"line":114,"column":1}},"115":{"start":{"line":116,"column":0},"end":{"line":116,"column":3}},"117":{"start":{"line":118,"column":0},"end":{"line":118,"column":3}},"118":{"start":{"line":119,"column":0},"end":{"line":119,"column":35}},"119":{"start":{"line":120,"column":0},"end":{"line":120,"column":21}},"120":{"start":{"line":121,"column":0},"end":{"line":121,"column":35}},"121":{"start":{"line":122,"column":0},"end":{"line":122,"column":22}},"123":{"start":{"line":124,"column":0},"end":{"line":124,"column":21}},"124":{"start":{"line":125,"column":0},"end":{"line":125,"column":18}},"125":{"start":{"line":126,"column":0},"end":{"line":126,"column":38}},"127":{"start":{"line":128,"column":0},"end":{"line":128,"column":22}},"128":{"start":{"line":129,"column":0},"end":{"line":129,"column":38}},"130":{"start":{"line":131,"column":0},"end":{"line":131,"column":24}},"131":{"start":{"line":132,"column":0},"end":{"line":132,"column":79}},"132":{"start":{"line":133,"column":0},"end":{"line":133,"column":31}},"134":{"start":{"line":135,"column":0},"end":{"line":135,"column":33}},"135":{"start":{"line":136,"column":0},"end":{"line":136,"column":79}},"136":{"start":{"line":137,"column":0},"end":{"line":137,"column":32}},"138":{"start":{"line":139,"column":0},"end":{"line":139,"column":21}},"139":{"start":{"line":140,"column":0},"end":{"line":140,"column":79}},"140":{"start":{"line":141,"column":0},"end":{"line":141,"column":31}},"142":{"start":{"line":143,"column":0},"end":{"line":143,"column":30}},"143":{"start":{"line":144,"column":0},"end":{"line":144,"column":79}},"144":{"start":{"line":145,"column":0},"end":{"line":145,"column":32}},"146":{"start":{"line":147,"column":0},"end":{"line":147,"column":20}},"147":{"start":{"line":148,"column":0},"end":{"line":148,"column":76}},"148":{"start":{"line":149,"column":0},"end":{"line":149,"column":46}},"149":{"start":{"line":150,"column":0},"end":{"line":150,"column":7}},"150":{"start":{"line":151,"column":0},"end":{"line":151,"column":37}},"151":{"start":{"line":152,"column":0},"end":{"line":152,"column":46}},"152":{"start":{"line":153,"column":0},"end":{"line":153,"column":7}},"153":{"start":{"line":154,"column":0},"end":{"line":154,"column":19}},"155":{"start":{"line":156,"column":0},"end":{"line":156,"column":24}},"156":{"start":{"line":157,"column":0},"end":{"line":157,"column":76}},"157":{"start":{"line":158,"column":0},"end":{"line":158,"column":47}},"158":{"start":{"line":159,"column":0},"end":{"line":159,"column":7}},"159":{"start":{"line":160,"column":0},"end":{"line":160,"column":37}},"160":{"start":{"line":161,"column":0},"end":{"line":161,"column":47}},"161":{"start":{"line":162,"column":0},"end":{"line":162,"column":7}},"162":{"start":{"line":163,"column":0},"end":{"line":163,"column":18}},"164":{"start":{"line":165,"column":0},"end":{"line":165,"column":23}},"165":{"start":{"line":166,"column":0},"end":{"line":166,"column":79}},"166":{"start":{"line":167,"column":0},"end":{"line":167,"column":41}},"168":{"start":{"line":169,"column":0},"end":{"line":169,"column":21}},"169":{"start":{"line":170,"column":0},"end":{"line":170,"column":79}},"170":{"start":{"line":171,"column":0},"end":{"line":171,"column":39}},"172":{"start":{"line":173,"column":0},"end":{"line":173,"column":14}},"173":{"start":{"line":174,"column":0},"end":{"line":174,"column":38}},"174":{"start":{"line":175,"column":0},"end":{"line":175,"column":46}},"175":{"start":{"line":176,"column":0},"end":{"line":176,"column":7}},"176":{"start":{"line":177,"column":0},"end":{"line":177,"column":19}},"178":{"start":{"line":179,"column":0},"end":{"line":179,"column":18}},"179":{"start":{"line":180,"column":0},"end":{"line":180,"column":38}},"180":{"start":{"line":181,"column":0},"end":{"line":181,"column":47}},"181":{"start":{"line":182,"column":0},"end":{"line":182,"column":7}},"182":{"start":{"line":183,"column":0},"end":{"line":183,"column":18}},"184":{"start":{"line":185,"column":0},"end":{"line":185,"column":20}},"185":{"start":{"line":186,"column":0},"end":{"line":186,"column":69}},"186":{"start":{"line":187,"column":0},"end":{"line":187,"column":71}},"187":{"start":{"line":188,"column":0},"end":{"line":188,"column":66}},"188":{"start":{"line":189,"column":0},"end":{"line":189,"column":42}},"189":{"start":{"line":190,"column":0},"end":{"line":190,"column":51}},"190":{"start":{"line":191,"column":0},"end":{"line":191,"column":7}},"191":{"start":{"line":192,"column":0},"end":{"line":192,"column":19}},"193":{"start":{"line":194,"column":0},"end":{"line":194,"column":24}},"194":{"start":{"line":195,"column":0},"end":{"line":195,"column":68}},"196":{"start":{"line":197,"column":0},"end":{"line":197,"column":25}},"197":{"start":{"line":198,"column":0},"end":{"line":198,"column":76}},"198":{"start":{"line":199,"column":0},"end":{"line":199,"column":13}},"199":{"start":{"line":200,"column":0},"end":{"line":200,"column":47}},"200":{"start":{"line":201,"column":0},"end":{"line":201,"column":39}},"201":{"start":{"line":202,"column":0},"end":{"line":202,"column":17}},"202":{"start":{"line":203,"column":0},"end":{"line":203,"column":23}},"203":{"start":{"line":204,"column":0},"end":{"line":204,"column":9}},"204":{"start":{"line":205,"column":0},"end":{"line":205,"column":7}},"205":{"start":{"line":206,"column":0},"end":{"line":206,"column":19}},"207":{"start":{"line":208,"column":0},"end":{"line":208,"column":29}},"208":{"start":{"line":209,"column":0},"end":{"line":209,"column":73}},"210":{"start":{"line":211,"column":0},"end":{"line":211,"column":12}},"211":{"start":{"line":212,"column":0},"end":{"line":212,"column":66}},"212":{"start":{"line":213,"column":0},"end":{"line":213,"column":3}},"213":{"start":{"line":214,"column":0},"end":{"line":214,"column":1}},"215":{"start":{"line":216,"column":0},"end":{"line":216,"column":3}},"217":{"start":{"line":218,"column":0},"end":{"line":218,"column":3}},"218":{"start":{"line":219,"column":0},"end":{"line":219,"column":38}},"219":{"start":{"line":220,"column":0},"end":{"line":220,"column":31}},"220":{"start":{"line":221,"column":0},"end":{"line":221,"column":27}},"221":{"start":{"line":222,"column":0},"end":{"line":222,"column":40}},"222":{"start":{"line":223,"column":0},"end":{"line":223,"column":46}},"224":{"start":{"line":225,"column":0},"end":{"line":225,"column":24}},"225":{"start":{"line":226,"column":0},"end":{"line":226,"column":53}},"227":{"start":{"line":228,"column":0},"end":{"line":228,"column":38}},"228":{"start":{"line":229,"column":0},"end":{"line":229,"column":71}},"229":{"start":{"line":230,"column":0},"end":{"line":230,"column":69}},"230":{"start":{"line":231,"column":0},"end":{"line":231,"column":3}},"232":{"start":{"line":233,"column":0},"end":{"line":233,"column":33}},"233":{"start":{"line":234,"column":0},"end":{"line":234,"column":46}},"234":{"start":{"line":235,"column":0},"end":{"line":235,"column":20}},"235":{"start":{"line":236,"column":0},"end":{"line":236,"column":12}},"236":{"start":{"line":237,"column":0},"end":{"line":237,"column":20}},"237":{"start":{"line":238,"column":0},"end":{"line":238,"column":23}},"240":{"start":{"line":241,"column":0},"end":{"line":241,"column":27}},"241":{"start":{"line":242,"column":0},"end":{"line":242,"column":77}},"242":{"start":{"line":243,"column":0},"end":{"line":243,"column":1}},"244":{"start":{"line":245,"column":0},"end":{"line":245,"column":3}},"246":{"start":{"line":247,"column":0},"end":{"line":247,"column":3}},"247":{"start":{"line":248,"column":0},"end":{"line":248,"column":41}},"248":{"start":{"line":249,"column":0},"end":{"line":249,"column":34}},"249":{"start":{"line":250,"column":0},"end":{"line":250,"column":27}},"250":{"start":{"line":251,"column":0},"end":{"line":251,"column":40}},"251":{"start":{"line":252,"column":0},"end":{"line":252,"column":46}},"253":{"start":{"line":254,"column":0},"end":{"line":254,"column":42}},"254":{"start":{"line":255,"column":0},"end":{"line":255,"column":16}},"255":{"start":{"line":256,"column":0},"end":{"line":256,"column":3}},"257":{"start":{"line":258,"column":0},"end":{"line":258,"column":62}},"258":{"start":{"line":259,"column":0},"end":{"line":259,"column":39}},"259":{"start":{"line":260,"column":0},"end":{"line":260,"column":58}},"260":{"start":{"line":261,"column":0},"end":{"line":261,"column":38}},"261":{"start":{"line":262,"column":0},"end":{"line":262,"column":45}},"262":{"start":{"line":263,"column":0},"end":{"line":263,"column":16}},"263":{"start":{"line":264,"column":0},"end":{"line":264,"column":24}},"264":{"start":{"line":265,"column":0},"end":{"line":265,"column":27}},"266":{"start":{"line":267,"column":0},"end":{"line":267,"column":12}},"267":{"start":{"line":268,"column":0},"end":{"line":268,"column":59}},"268":{"start":{"line":269,"column":0},"end":{"line":269,"column":35}},"269":{"start":{"line":270,"column":0},"end":{"line":270,"column":42}},"270":{"start":{"line":271,"column":0},"end":{"line":271,"column":16}},"271":{"start":{"line":272,"column":0},"end":{"line":272,"column":24}},"272":{"start":{"line":273,"column":0},"end":{"line":273,"column":27}},"274":{"start":{"line":275,"column":0},"end":{"line":275,"column":5}},"275":{"start":{"line":276,"column":0},"end":{"line":276,"column":5}},"277":{"start":{"line":278,"column":0},"end":{"line":278,"column":31}},"278":{"start":{"line":279,"column":0},"end":{"line":279,"column":15}},"279":{"start":{"line":280,"column":0},"end":{"line":280,"column":36}},"281":{"start":{"line":282,"column":0},"end":{"line":282,"column":14}},"282":{"start":{"line":283,"column":0},"end":{"line":283,"column":35}},"284":{"start":{"line":285,"column":0},"end":{"line":285,"column":15}},"285":{"start":{"line":286,"column":0},"end":{"line":286,"column":49}},"286":{"start":{"line":287,"column":0},"end":{"line":287,"column":25}},"288":{"start":{"line":289,"column":0},"end":{"line":289,"column":12}},"289":{"start":{"line":290,"column":0},"end":{"line":290,"column":73}},"290":{"start":{"line":291,"column":0},"end":{"line":291,"column":3}},"291":{"start":{"line":292,"column":0},"end":{"line":292,"column":1}},"293":{"start":{"line":294,"column":0},"end":{"line":294,"column":3}},"295":{"start":{"line":296,"column":0},"end":{"line":296,"column":3}},"296":{"start":{"line":297,"column":0},"end":{"line":297,"column":38}},"297":{"start":{"line":298,"column":0},"end":{"line":298,"column":31}},"298":{"start":{"line":299,"column":0},"end":{"line":299,"column":27}},"299":{"start":{"line":300,"column":0},"end":{"line":300,"column":40}},"300":{"start":{"line":301,"column":0},"end":{"line":301,"column":46}},"302":{"start":{"line":303,"column":0},"end":{"line":303,"column":7}},"303":{"start":{"line":304,"column":0},"end":{"line":304,"column":36}},"304":{"start":{"line":305,"column":0},"end":{"line":305,"column":58}},"305":{"start":{"line":306,"column":0},"end":{"line":306,"column":38}},"306":{"start":{"line":307,"column":0},"end":{"line":307,"column":42}},"307":{"start":{"line":308,"column":0},"end":{"line":308,"column":16}},"308":{"start":{"line":309,"column":0},"end":{"line":309,"column":24}},"309":{"start":{"line":310,"column":0},"end":{"line":310,"column":27}},"311":{"start":{"line":312,"column":0},"end":{"line":312,"column":12}},"312":{"start":{"line":313,"column":0},"end":{"line":313,"column":59}},"313":{"start":{"line":314,"column":0},"end":{"line":314,"column":35}},"314":{"start":{"line":315,"column":0},"end":{"line":315,"column":39}},"315":{"start":{"line":316,"column":0},"end":{"line":316,"column":16}},"316":{"start":{"line":317,"column":0},"end":{"line":317,"column":24}},"317":{"start":{"line":318,"column":0},"end":{"line":318,"column":27}},"319":{"start":{"line":320,"column":0},"end":{"line":320,"column":5}},"320":{"start":{"line":321,"column":0},"end":{"line":321,"column":19}},"321":{"start":{"line":322,"column":0},"end":{"line":322,"column":61}},"322":{"start":{"line":323,"column":0},"end":{"line":323,"column":17}},"323":{"start":{"line":324,"column":0},"end":{"line":324,"column":3}},"324":{"start":{"line":325,"column":0},"end":{"line":325,"column":1}}},"s":{"22":1,"24":1,"25":1,"26":94,"27":94,"28":94,"29":94,"31":94,"32":94,"33":94,"34":94,"35":94,"36":77,"37":77,"39":17,"40":51,"41":3,"42":3,"44":14,"45":94,"46":14,"47":14,"48":6,"49":6,"51":6,"52":6,"53":3,"54":3,"55":3,"56":3,"57":3,"58":2,"59":3,"60":1,"61":1,"62":3,"63":2,"65":5,"66":5,"68":8,"69":14,"70":4,"71":4,"72":4,"74":4,"75":8,"76":8,"77":8,"78":8,"79":8,"80":8,"81":0,"82":0,"83":8,"85":4,"86":4,"88":4,"89":14,"90":4,"91":4,"93":4,"94":3,"95":5,"96":5,"97":5,"98":5,"99":5,"101":3,"102":3,"103":3,"105":1,"106":1,"108":0,"109":0,"110":0,"112":0,"113":0,"115":1,"117":1,"118":1,"119":122,"120":122,"121":122,"123":122,"124":122,"125":55,"127":122,"128":5,"130":122,"131":11,"132":11,"134":122,"135":2,"136":2,"138":122,"139":2,"140":2,"142":122,"143":2,"144":2,"146":122,"147":9,"148":2,"149":2,"150":7,"151":7,"152":7,"153":0,"155":122,"156":2,"157":2,"158":2,"159":0,"160":0,"161":0,"162":0,"164":122,"165":2,"166":2,"168":122,"169":2,"170":2,"172":122,"173":4,"174":4,"175":4,"176":0,"178":122,"179":2,"180":2,"181":2,"182":0,"184":122,"185":10,"186":10,"187":10,"188":2,"189":2,"190":2,"191":0,"193":122,"194":2,"196":122,"197":7,"198":7,"199":7,"200":7,"201":7,"202":1,"203":1,"204":7,"205":0,"207":122,"208":4,"210":122,"211":1,"212":122,"213":122,"215":1,"217":1,"218":1,"219":71,"220":71,"221":71,"222":71,"224":71,"225":71,"227":71,"228":71,"229":1,"230":1,"232":71,"233":71,"234":71,"235":71,"236":71,"237":71,"240":71,"241":71,"242":71,"244":1,"246":1,"247":1,"248":25,"249":25,"250":25,"251":25,"253":25,"254":0,"255":0,"257":25,"258":57,"259":8,"260":8,"261":8,"262":8,"263":8,"264":8,"266":57,"267":49,"268":49,"269":49,"270":49,"271":49,"272":49,"274":49,"275":57,"277":25,"278":25,"279":11,"281":25,"282":13,"284":25,"285":1,"286":1,"288":25,"289":0,"290":25,"291":25,"293":1,"295":1,"296":1,"297":28,"298":28,"299":28,"300":28,"302":28,"303":28,"304":11,"305":11,"306":11,"307":11,"308":11,"309":11,"311":28,"312":17,"313":17,"314":17,"315":17,"316":17,"317":17,"319":17,"320":28,"321":1,"322":1,"323":1,"324":28},"branchMap":{"0":{"type":"branch","line":26,"loc":{"start":{"line":26,"column":7},"end":{"line":114,"column":1}},"locations":[{"start":{"line":26,"column":7},"end":{"line":114,"column":1}}]},"1":{"type":"branch","line":34,"loc":{"start":{"line":34,"column":21},"end":{"line":34,"column":61}},"locations":[{"start":{"line":34,"column":21},"end":{"line":34,"column":61}}]},"2":{"type":"branch","line":34,"loc":{"start":{"line":34,"column":50},"end":{"line":35,"column":34}},"locations":[{"start":{"line":34,"column":50},"end":{"line":35,"column":34}}]},"3":{"type":"branch","line":35,"loc":{"start":{"line":35,"column":21},"end":{"line":35,"column":48}},"locations":[{"start":{"line":35,"column":21},"end":{"line":35,"column":48}}]},"4":{"type":"branch","line":36,"loc":{"start":{"line":36,"column":4},"end":{"line":38,"column":3}},"locations":[{"start":{"line":36,"column":4},"end":{"line":38,"column":3}}]},"5":{"type":"branch","line":38,"loc":{"start":{"line":38,"column":2},"end":{"line":43,"column":3}},"locations":[{"start":{"line":38,"column":2},"end":{"line":43,"column":3}}]},"6":{"type":"branch","line":38,"loc":{"start":{"line":38,"column":2},"end":{"line":41,"column":28}},"locations":[{"start":{"line":38,"column":2},"end":{"line":41,"column":28}}]},"7":{"type":"branch","line":41,"loc":{"start":{"line":41,"column":28},"end":{"line":43,"column":3}},"locations":[{"start":{"line":41,"column":28},"end":{"line":43,"column":3}}]},"8":{"type":"branch","line":43,"loc":{"start":{"line":43,"column":2},"end":{"line":46,"column":51}},"locations":[{"start":{"line":43,"column":2},"end":{"line":46,"column":51}}]},"9":{"type":"branch","line":46,"loc":{"start":{"line":46,"column":51},"end":{"line":114,"column":1}},"locations":[{"start":{"line":46,"column":51},"end":{"line":114,"column":1}}]},"10":{"type":"branch","line":46,"loc":{"start":{"line":46,"column":51},"end":{"line":111,"column":3}},"locations":[{"start":{"line":46,"column":51},"end":{"line":111,"column":3}}]},"11":{"type":"branch","line":48,"loc":{"start":{"line":48,"column":51},"end":{"line":67,"column":5}},"locations":[{"start":{"line":48,"column":51},"end":{"line":67,"column":5}}]},"12":{"type":"branch","line":53,"loc":{"start":{"line":53,"column":27},"end":{"line":53,"column":45}},"locations":[{"start":{"line":53,"column":27},"end":{"line":53,"column":45}}]},"13":{"type":"branch","line":53,"loc":{"start":{"line":53,"column":31},"end":{"line":53,"column":77}},"locations":[{"start":{"line":53,"column":31},"end":{"line":53,"column":77}}]},"14":{"type":"branch","line":53,"loc":{"start":{"line":53,"column":77},"end":{"line":64,"column":7}},"locations":[{"start":{"line":53,"column":77},"end":{"line":64,"column":7}}]},"15":{"type":"branch","line":58,"loc":{"start":{"line":58,"column":12},"end":{"line":60,"column":17}},"locations":[{"start":{"line":58,"column":12},"end":{"line":60,"column":17}}]},"16":{"type":"branch","line":60,"loc":{"start":{"line":60,"column":10},"end":{"line":62,"column":11}},"locations":[{"start":{"line":60,"column":10},"end":{"line":62,"column":11}}]},"17":{"type":"branch","line":63,"loc":{"start":{"line":63,"column":8},"end":{"line":64,"column":7}},"locations":[{"start":{"line":63,"column":8},"end":{"line":64,"column":7}}]},"18":{"type":"branch","line":64,"loc":{"start":{"line":64,"column":6},"end":{"line":67,"column":5}},"locations":[{"start":{"line":64,"column":6},"end":{"line":67,"column":5}}]},"19":{"type":"branch","line":67,"loc":{"start":{"line":67,"column":4},"end":{"line":70,"column":53}},"locations":[{"start":{"line":67,"column":4},"end":{"line":70,"column":53}}]},"20":{"type":"branch","line":70,"loc":{"start":{"line":70,"column":53},"end":{"line":90,"column":54}},"locations":[{"start":{"line":70,"column":53},"end":{"line":90,"column":54}}]},"21":{"type":"branch","line":75,"loc":{"start":{"line":75,"column":30},"end":{"line":84,"column":7}},"locations":[{"start":{"line":75,"column":30},"end":{"line":84,"column":7}}]},"22":{"type":"branch","line":81,"loc":{"start":{"line":81,"column":8},"end":{"line":83,"column":9}},"locations":[{"start":{"line":81,"column":8},"end":{"line":83,"column":9}}]},"23":{"type":"branch","line":90,"loc":{"start":{"line":90,"column":54},"end":{"line":107,"column":5}},"locations":[{"start":{"line":90,"column":54},"end":{"line":107,"column":5}}]},"24":{"type":"branch","line":94,"loc":{"start":{"line":94,"column":38},"end":{"line":104,"column":7}},"locations":[{"start":{"line":94,"column":38},"end":{"line":104,"column":7}}]},"25":{"type":"branch","line":95,"loc":{"start":{"line":95,"column":33},"end":{"line":95,"column":39}},"locations":[{"start":{"line":95,"column":33},"end":{"line":95,"column":39}}]},"26":{"type":"branch","line":100,"loc":{"start":{"line":100,"column":12},"end":{"line":102,"column":15}},"locations":[{"start":{"line":100,"column":12},"end":{"line":102,"column":15}}]},"27":{"type":"branch","line":104,"loc":{"start":{"line":104,"column":6},"end":{"line":107,"column":5}},"locations":[{"start":{"line":104,"column":6},"end":{"line":107,"column":5}}]},"28":{"type":"branch","line":107,"loc":{"start":{"line":107,"column":4},"end":{"line":111,"column":3}},"locations":[{"start":{"line":107,"column":4},"end":{"line":111,"column":3}}]},"29":{"type":"branch","line":111,"loc":{"start":{"line":111,"column":2},"end":{"line":114,"column":1}},"locations":[{"start":{"line":111,"column":2},"end":{"line":114,"column":1}}]},"30":{"type":"branch","line":95,"loc":{"start":{"line":95,"column":39},"end":{"line":100,"column":31}},"locations":[{"start":{"line":95,"column":39},"end":{"line":100,"column":31}}]},"31":{"type":"branch","line":119,"loc":{"start":{"line":119,"column":7},"end":{"line":214,"column":1}},"locations":[{"start":{"line":119,"column":7},"end":{"line":214,"column":1}}]},"32":{"type":"branch","line":125,"loc":{"start":{"line":125,"column":4},"end":{"line":126,"column":38}},"locations":[{"start":{"line":125,"column":4},"end":{"line":126,"column":38}}]},"33":{"type":"branch","line":128,"loc":{"start":{"line":128,"column":4},"end":{"line":129,"column":38}},"locations":[{"start":{"line":128,"column":4},"end":{"line":129,"column":38}}]},"34":{"type":"branch","line":131,"loc":{"start":{"line":131,"column":4},"end":{"line":133,"column":31}},"locations":[{"start":{"line":131,"column":4},"end":{"line":133,"column":31}}]},"35":{"type":"branch","line":135,"loc":{"start":{"line":135,"column":4},"end":{"line":137,"column":32}},"locations":[{"start":{"line":135,"column":4},"end":{"line":137,"column":32}}]},"36":{"type":"branch","line":139,"loc":{"start":{"line":139,"column":4},"end":{"line":141,"column":31}},"locations":[{"start":{"line":139,"column":4},"end":{"line":141,"column":31}}]},"37":{"type":"branch","line":143,"loc":{"start":{"line":143,"column":4},"end":{"line":145,"column":32}},"locations":[{"start":{"line":143,"column":4},"end":{"line":145,"column":32}}]},"38":{"type":"branch","line":147,"loc":{"start":{"line":147,"column":4},"end":{"line":154,"column":19}},"locations":[{"start":{"line":147,"column":4},"end":{"line":154,"column":19}}]},"39":{"type":"branch","line":148,"loc":{"start":{"line":148,"column":31},"end":{"line":148,"column":75}},"locations":[{"start":{"line":148,"column":31},"end":{"line":148,"column":75}}]},"40":{"type":"branch","line":148,"loc":{"start":{"line":148,"column":75},"end":{"line":153,"column":7}},"locations":[{"start":{"line":148,"column":75},"end":{"line":153,"column":7}}]},"41":{"type":"branch","line":148,"loc":{"start":{"line":148,"column":75},"end":{"line":150,"column":7}},"locations":[{"start":{"line":148,"column":75},"end":{"line":150,"column":7}}]},"42":{"type":"branch","line":153,"loc":{"start":{"line":153,"column":6},"end":{"line":154,"column":19}},"locations":[{"start":{"line":153,"column":6},"end":{"line":154,"column":19}}]},"43":{"type":"branch","line":156,"loc":{"start":{"line":156,"column":4},"end":{"line":163,"column":18}},"locations":[{"start":{"line":156,"column":4},"end":{"line":163,"column":18}}]},"44":{"type":"branch","line":159,"loc":{"start":{"line":159,"column":6},"end":{"line":163,"column":18}},"locations":[{"start":{"line":159,"column":6},"end":{"line":163,"column":18}}]},"45":{"type":"branch","line":165,"loc":{"start":{"line":165,"column":4},"end":{"line":167,"column":41}},"locations":[{"start":{"line":165,"column":4},"end":{"line":167,"column":41}}]},"46":{"type":"branch","line":169,"loc":{"start":{"line":169,"column":4},"end":{"line":171,"column":39}},"locations":[{"start":{"line":169,"column":4},"end":{"line":171,"column":39}}]},"47":{"type":"branch","line":173,"loc":{"start":{"line":173,"column":4},"end":{"line":177,"column":19}},"locations":[{"start":{"line":173,"column":4},"end":{"line":177,"column":19}}]},"48":{"type":"branch","line":176,"loc":{"start":{"line":176,"column":6},"end":{"line":177,"column":19}},"locations":[{"start":{"line":176,"column":6},"end":{"line":177,"column":19}}]},"49":{"type":"branch","line":179,"loc":{"start":{"line":179,"column":4},"end":{"line":183,"column":18}},"locations":[{"start":{"line":179,"column":4},"end":{"line":183,"column":18}}]},"50":{"type":"branch","line":182,"loc":{"start":{"line":182,"column":6},"end":{"line":183,"column":18}},"locations":[{"start":{"line":182,"column":6},"end":{"line":183,"column":18}}]},"51":{"type":"branch","line":185,"loc":{"start":{"line":185,"column":4},"end":{"line":192,"column":19}},"locations":[{"start":{"line":185,"column":4},"end":{"line":192,"column":19}}]},"52":{"type":"branch","line":186,"loc":{"start":{"line":186,"column":24},"end":{"line":186,"column":57}},"locations":[{"start":{"line":186,"column":24},"end":{"line":186,"column":57}}]},"53":{"type":"branch","line":186,"loc":{"start":{"line":186,"column":57},"end":{"line":186,"column":69}},"locations":[{"start":{"line":186,"column":57},"end":{"line":186,"column":69}}]},"54":{"type":"branch","line":186,"loc":{"start":{"line":186,"column":64},"end":{"line":187,"column":41}},"locations":[{"start":{"line":186,"column":64},"end":{"line":187,"column":41}}]},"55":{"type":"branch","line":187,"loc":{"start":{"line":187,"column":41},"end":{"line":188,"column":36}},"locations":[{"start":{"line":187,"column":41},"end":{"line":188,"column":36}}]},"56":{"type":"branch","line":188,"loc":{"start":{"line":188,"column":36},"end":{"line":191,"column":7}},"locations":[{"start":{"line":188,"column":36},"end":{"line":191,"column":7}}]},"57":{"type":"branch","line":191,"loc":{"start":{"line":191,"column":6},"end":{"line":192,"column":19}},"locations":[{"start":{"line":191,"column":6},"end":{"line":192,"column":19}}]},"58":{"type":"branch","line":194,"loc":{"start":{"line":194,"column":4},"end":{"line":195,"column":68}},"locations":[{"start":{"line":194,"column":4},"end":{"line":195,"column":68}}]},"59":{"type":"branch","line":197,"loc":{"start":{"line":197,"column":4},"end":{"line":206,"column":19}},"locations":[{"start":{"line":197,"column":4},"end":{"line":206,"column":19}}]},"60":{"type":"branch","line":202,"loc":{"start":{"line":202,"column":10},"end":{"line":204,"column":9}},"locations":[{"start":{"line":202,"column":10},"end":{"line":204,"column":9}}]},"61":{"type":"branch","line":205,"loc":{"start":{"line":205,"column":6},"end":{"line":206,"column":19}},"locations":[{"start":{"line":205,"column":6},"end":{"line":206,"column":19}}]},"62":{"type":"branch","line":208,"loc":{"start":{"line":208,"column":4},"end":{"line":209,"column":73}},"locations":[{"start":{"line":208,"column":4},"end":{"line":209,"column":73}}]},"63":{"type":"branch","line":211,"loc":{"start":{"line":211,"column":4},"end":{"line":212,"column":66}},"locations":[{"start":{"line":211,"column":4},"end":{"line":212,"column":66}}]},"64":{"type":"branch","line":219,"loc":{"start":{"line":219,"column":7},"end":{"line":243,"column":1}},"locations":[{"start":{"line":219,"column":7},"end":{"line":243,"column":1}}]},"65":{"type":"branch","line":229,"loc":{"start":{"line":229,"column":25},"end":{"line":229,"column":68}},"locations":[{"start":{"line":229,"column":25},"end":{"line":229,"column":68}}]},"66":{"type":"branch","line":229,"loc":{"start":{"line":229,"column":70},"end":{"line":231,"column":3}},"locations":[{"start":{"line":229,"column":70},"end":{"line":231,"column":3}}]},"67":{"type":"branch","line":248,"loc":{"start":{"line":248,"column":7},"end":{"line":292,"column":1}},"locations":[{"start":{"line":248,"column":7},"end":{"line":292,"column":1}}]},"68":{"type":"branch","line":254,"loc":{"start":{"line":254,"column":41},"end":{"line":256,"column":3}},"locations":[{"start":{"line":254,"column":41},"end":{"line":256,"column":3}}]},"69":{"type":"branch","line":279,"loc":{"start":{"line":279,"column":4},"end":{"line":280,"column":36}},"locations":[{"start":{"line":279,"column":4},"end":{"line":280,"column":36}}]},"70":{"type":"branch","line":282,"loc":{"start":{"line":282,"column":4},"end":{"line":283,"column":35}},"locations":[{"start":{"line":282,"column":4},"end":{"line":283,"column":35}}]},"71":{"type":"branch","line":285,"loc":{"start":{"line":285,"column":4},"end":{"line":287,"column":25}},"locations":[{"start":{"line":285,"column":4},"end":{"line":287,"column":25}}]},"72":{"type":"branch","line":289,"loc":{"start":{"line":289,"column":4},"end":{"line":290,"column":73}},"locations":[{"start":{"line":289,"column":4},"end":{"line":290,"column":73}}]},"73":{"type":"branch","line":258,"loc":{"start":{"line":258,"column":43},"end":{"line":276,"column":5}},"locations":[{"start":{"line":258,"column":43},"end":{"line":276,"column":5}}]},"74":{"type":"branch","line":259,"loc":{"start":{"line":259,"column":38},"end":{"line":267,"column":11}},"locations":[{"start":{"line":259,"column":38},"end":{"line":267,"column":11}}]},"75":{"type":"branch","line":267,"loc":{"start":{"line":267,"column":4},"end":{"line":275,"column":5}},"locations":[{"start":{"line":267,"column":4},"end":{"line":275,"column":5}}]},"76":{"type":"branch","line":297,"loc":{"start":{"line":297,"column":7},"end":{"line":325,"column":1}},"locations":[{"start":{"line":297,"column":7},"end":{"line":325,"column":1}}]},"77":{"type":"branch","line":304,"loc":{"start":{"line":304,"column":35},"end":{"line":312,"column":11}},"locations":[{"start":{"line":304,"column":35},"end":{"line":312,"column":11}}]},"78":{"type":"branch","line":312,"loc":{"start":{"line":312,"column":4},"end":{"line":320,"column":5}},"locations":[{"start":{"line":312,"column":4},"end":{"line":320,"column":5}}]},"79":{"type":"branch","line":321,"loc":{"start":{"line":321,"column":4},"end":{"line":324,"column":3}},"locations":[{"start":{"line":321,"column":4},"end":{"line":324,"column":3}}]}},"b":{"0":[94],"1":[44],"2":[32],"3":[18],"4":[77],"5":[51],"6":[17],"7":[3],"8":[14],"9":[49],"10":[14],"11":[6],"12":[3],"13":[3],"14":[3],"15":[2],"16":[1],"17":[2],"18":[5],"19":[8],"20":[4],"21":[8],"22":[0],"23":[4],"24":[3],"25":[2],"26":[1],"27":[1],"28":[0],"29":[0],"30":[5],"31":[122],"32":[55],"33":[5],"34":[11],"35":[2],"36":[2],"37":[2],"38":[9],"39":[2],"40":[7],"41":[2],"42":[0],"43":[2],"44":[0],"45":[2],"46":[2],"47":[4],"48":[0],"49":[2],"50":[0],"51":[10],"52":[9],"53":[2],"54":[8],"55":[4],"56":[2],"57":[0],"58":[2],"59":[7],"60":[1],"61":[0],"62":[4],"63":[1],"64":[71],"65":[1],"66":[1],"67":[25],"68":[0],"69":[11],"70":[13],"71":[1],"72":[0],"73":[57],"74":[8],"75":[49],"76":[28],"77":[11],"78":[17],"79":[1]},"fnMap":{"0":{"name":"resolveDynamicValue","decl":{"start":{"line":26,"column":7},"end":{"line":114,"column":1}},"loc":{"start":{"line":26,"column":7},"end":{"line":114,"column":1}},"line":26},"1":{"name":"evaluateComparison","decl":{"start":{"line":119,"column":7},"end":{"line":214,"column":1}},"loc":{"start":{"line":119,"column":7},"end":{"line":214,"column":1}},"line":119},"2":{"name":"evaluateBaseCondition","decl":{"start":{"line":219,"column":7},"end":{"line":243,"column":1}},"loc":{"start":{"line":219,"column":7},"end":{"line":243,"column":1}},"line":219},"3":{"name":"evaluateComplexCondition","decl":{"start":{"line":248,"column":7},"end":{"line":292,"column":1}},"loc":{"start":{"line":248,"column":7},"end":{"line":292,"column":1}},"line":248},"4":{"name":"evaluateRuleCondition","decl":{"start":{"line":297,"column":7},"end":{"line":325,"column":1}},"loc":{"start":{"line":297,"column":7},"end":{"line":325,"column":1}},"line":297}},"f":{"0":94,"1":122,"2":71,"3":25,"4":28}}
,"/Users/ngalluzzo/conform/src/schema-registry.ts": {"path":"/Users/ngalluzzo/conform/src/schema-registry.ts","all":true,"statementMap":{"0":{"start":{"line":1,"column":0},"end":{"line":1,"column":27}},"3":{"start":{"line":4,"column":0},"end":{"line":4,"column":57}}},"s":{"0":0,"3":0},"branchMap":{"0":{"type":"branch","line":1,"loc":{"start":{"line":1,"column":147},"end":{"line":4,"column":57}},"locations":[{"start":{"line":1,"column":147},"end":{"line":4,"column":57}}]}},"b":{"0":[0]},"fnMap":{"0":{"name":"(empty-report)","decl":{"start":{"line":1,"column":147},"end":{"line":4,"column":57}},"loc":{"start":{"line":1,"column":147},"end":{"line":4,"column":57}},"line":1}},"f":{"0":0}}
,"/Users/ngalluzzo/conform/src/utils.ts": {"path":"/Users/ngalluzzo/conform/src/utils.ts","all":true,"statementMap":{"3":{"start":{"line":4,"column":0},"end":{"line":4,"column":3}},"5":{"start":{"line":6,"column":0},"end":{"line":6,"column":3}},"6":{"start":{"line":7,"column":0},"end":{"line":7,"column":78}},"8":{"start":{"line":9,"column":0},"end":{"line":9,"column":3}},"10":{"start":{"line":11,"column":0},"end":{"line":11,"column":3}},"11":{"start":{"line":12,"column":0},"end":{"line":12,"column":28}},"12":{"start":{"line":13,"column":0},"end":{"line":13,"column":35}},"14":{"start":{"line":15,"column":0},"end":{"line":15,"column":55}},"15":{"start":{"line":16,"column":0},"end":{"line":16,"column":1}},"17":{"start":{"line":18,"column":0},"end":{"line":18,"column":3}},"19":{"start":{"line":20,"column":0},"end":{"line":20,"column":3}},"20":{"start":{"line":21,"column":0},"end":{"line":21,"column":32}},"21":{"start":{"line":22,"column":0},"end":{"line":22,"column":35}},"23":{"start":{"line":24,"column":0},"end":{"line":24,"column":6}},"24":{"start":{"line":25,"column":0},"end":{"line":25,"column":45}},"25":{"start":{"line":26,"column":0},"end":{"line":26,"column":39}},"26":{"start":{"line":27,"column":0},"end":{"line":27,"column":5}},"27":{"start":{"line":28,"column":0},"end":{"line":28,"column":44}},"28":{"start":{"line":29,"column":0},"end":{"line":29,"column":3}},"29":{"start":{"line":30,"column":0},"end":{"line":30,"column":12}},"30":{"start":{"line":31,"column":0},"end":{"line":31,"column":1}},"32":{"start":{"line":33,"column":0},"end":{"line":33,"column":3}},"34":{"start":{"line":35,"column":0},"end":{"line":35,"column":3}},"35":{"start":{"line":36,"column":0},"end":{"line":36,"column":31}},"36":{"start":{"line":37,"column":0},"end":{"line":37,"column":35}},"38":{"start":{"line":39,"column":0},"end":{"line":39,"column":34}},"39":{"start":{"line":40,"column":0},"end":{"line":40,"column":1}},"41":{"start":{"line":42,"column":0},"end":{"line":42,"column":3}},"43":{"start":{"line":44,"column":0},"end":{"line":44,"column":3}},"44":{"start":{"line":45,"column":0},"end":{"line":45,"column":31}},"45":{"start":{"line":46,"column":0},"end":{"line":46,"column":35}},"47":{"start":{"line":48,"column":0},"end":{"line":48,"column":63}},"48":{"start":{"line":49,"column":0},"end":{"line":49,"column":1}},"50":{"start":{"line":51,"column":0},"end":{"line":51,"column":3}},"52":{"start":{"line":53,"column":0},"end":{"line":53,"column":3}},"53":{"start":{"line":54,"column":0},"end":{"line":54,"column":32}},"54":{"start":{"line":55,"column":0},"end":{"line":55,"column":35}},"56":{"start":{"line":57,"column":0},"end":{"line":57,"column":35}},"57":{"start":{"line":58,"column":0},"end":{"line":58,"column":1}},"59":{"start":{"line":60,"column":0},"end":{"line":60,"column":3}},"61":{"start":{"line":62,"column":0},"end":{"line":62,"column":3}},"62":{"start":{"line":63,"column":0},"end":{"line":63,"column":30}},"63":{"start":{"line":64,"column":0},"end":{"line":64,"column":35}},"65":{"start":{"line":66,"column":0},"end":{"line":66,"column":33}},"66":{"start":{"line":67,"column":0},"end":{"line":67,"column":1}},"68":{"start":{"line":69,"column":0},"end":{"line":69,"column":3}},"70":{"start":{"line":71,"column":0},"end":{"line":71,"column":3}},"71":{"start":{"line":72,"column":0},"end":{"line":72,"column":24}},"72":{"start":{"line":73,"column":0},"end":{"line":73,"column":35}},"74":{"start":{"line":75,"column":0},"end":{"line":75,"column":56}},"75":{"start":{"line":76,"column":0},"end":{"line":76,"column":1}},"77":{"start":{"line":78,"column":0},"end":{"line":78,"column":3}},"79":{"start":{"line":80,"column":0},"end":{"line":80,"column":3}},"80":{"start":{"line":81,"column":0},"end":{"line":81,"column":26}},"81":{"start":{"line":82,"column":0},"end":{"line":82,"column":35}},"83":{"start":{"line":84,"column":0},"end":{"line":84,"column":54}},"84":{"start":{"line":85,"column":0},"end":{"line":85,"column":77}},"85":{"start":{"line":86,"column":0},"end":{"line":86,"column":1}},"87":{"start":{"line":88,"column":0},"end":{"line":88,"column":3}},"89":{"start":{"line":90,"column":0},"end":{"line":90,"column":3}},"90":{"start":{"line":91,"column":0},"end":{"line":91,"column":30}},"91":{"start":{"line":92,"column":0},"end":{"line":92,"column":15}},"92":{"start":{"line":93,"column":0},"end":{"line":93,"column":35}},"94":{"start":{"line":95,"column":0},"end":{"line":95,"column":62}},"95":{"start":{"line":96,"column":0},"end":{"line":96,"column":24}},"96":{"start":{"line":97,"column":0},"end":{"line":97,"column":3}},"97":{"start":{"line":98,"column":0},"end":{"line":98,"column":14}},"98":{"start":{"line":99,"column":0},"end":{"line":99,"column":1}},"100":{"start":{"line":101,"column":0},"end":{"line":101,"column":3}},"102":{"start":{"line":103,"column":0},"end":{"line":103,"column":3}},"103":{"start":{"line":104,"column":0},"end":{"line":104,"column":36}},"104":{"start":{"line":105,"column":0},"end":{"line":105,"column":35}},"105":{"start":{"line":106,"column":0},"end":{"line":106,"column":29}},"107":{"start":{"line":108,"column":0},"end":{"line":108,"column":26}},"108":{"start":{"line":109,"column":0},"end":{"line":109,"column":29}},"109":{"start":{"line":110,"column":0},"end":{"line":110,"column":3}},"110":{"start":{"line":111,"column":0},"end":{"line":111,"column":74}},"111":{"start":{"line":112,"column":0},"end":{"line":112,"column":30}},"112":{"start":{"line":113,"column":0},"end":{"line":113,"column":3}},"113":{"start":{"line":114,"column":0},"end":{"line":114,"column":19}},"114":{"start":{"line":115,"column":0},"end":{"line":115,"column":1}},"116":{"start":{"line":117,"column":0},"end":{"line":117,"column":3}},"118":{"start":{"line":119,"column":0},"end":{"line":119,"column":3}},"119":{"start":{"line":120,"column":0},"end":{"line":120,"column":39}},"120":{"start":{"line":121,"column":0},"end":{"line":121,"column":35}},"121":{"start":{"line":122,"column":0},"end":{"line":122,"column":26}},"123":{"start":{"line":124,"column":0},"end":{"line":124,"column":32}},"124":{"start":{"line":125,"column":0},"end":{"line":125,"column":39}},"125":{"start":{"line":126,"column":0},"end":{"line":126,"column":16}},"126":{"start":{"line":127,"column":0},"end":{"line":127,"column":3}},"128":{"start":{"line":129,"column":0},"end":{"line":129,"column":43}},"129":{"start":{"line":130,"column":0},"end":{"line":130,"column":6}},"130":{"start":{"line":131,"column":0},"end":{"line":131,"column":25}},"131":{"start":{"line":132,"column":0},"end":{"line":132,"column":67}},"132":{"start":{"line":133,"column":0},"end":{"line":133,"column":5}},"133":{"start":{"line":134,"column":0},"end":{"line":134,"column":16}},"134":{"start":{"line":135,"column":0},"end":{"line":135,"column":3}},"136":{"start":{"line":137,"column":0},"end":{"line":137,"column":15}},"137":{"start":{"line":138,"column":0},"end":{"line":138,"column":1}},"139":{"start":{"line":140,"column":0},"end":{"line":140,"column":3}},"141":{"start":{"line":142,"column":0},"end":{"line":142,"column":3}},"142":{"start":{"line":143,"column":0},"end":{"line":143,"column":37}},"143":{"start":{"line":144,"column":0},"end":{"line":144,"column":35}},"144":{"start":{"line":145,"column":0},"end":{"line":145,"column":26}},"146":{"start":{"line":147,"column":0},"end":{"line":147,"column":59}},"147":{"start":{"line":148,"column":0},"end":{"line":148,"column":1}},"149":{"start":{"line":150,"column":0},"end":{"line":150,"column":3}},"151":{"start":{"line":152,"column":0},"end":{"line":152,"column":3}},"152":{"start":{"line":153,"column":0},"end":{"line":153,"column":29}},"153":{"start":{"line":154,"column":0},"end":{"line":154,"column":35}},"154":{"start":{"line":155,"column":0},"end":{"line":155,"column":26}},"156":{"start":{"line":157,"column":0},"end":{"line":157,"column":54}},"157":{"start":{"line":158,"column":0},"end":{"line":158,"column":27}},"158":{"start":{"line":159,"column":0},"end":{"line":159,"column":30}},"159":{"start":{"line":160,"column":0},"end":{"line":160,"column":3}},"161":{"start":{"line":162,"column":0},"end":{"line":162,"column":33}},"162":{"start":{"line":163,"column":0},"end":{"line":163,"column":31}},"163":{"start":{"line":164,"column":0},"end":{"line":164,"column":20}},"164":{"start":{"line":165,"column":0},"end":{"line":165,"column":3}},"166":{"start":{"line":167,"column":0},"end":{"line":167,"column":16}},"167":{"start":{"line":168,"column":0},"end":{"line":168,"column":1}},"169":{"start":{"line":170,"column":0},"end":{"line":170,"column":3}},"171":{"start":{"line":172,"column":0},"end":{"line":172,"column":3}},"172":{"start":{"line":173,"column":0},"end":{"line":173,"column":38}},"173":{"start":{"line":174,"column":0},"end":{"line":174,"column":35}},"174":{"start":{"line":175,"column":0},"end":{"line":175,"column":26}},"176":{"start":{"line":177,"column":0},"end":{"line":177,"column":23}},"177":{"start":{"line":178,"column":0},"end":{"line":178,"column":41}},"178":{"start":{"line":179,"column":0},"end":{"line":179,"column":41}},"179":{"start":{"line":180,"column":0},"end":{"line":180,"column":42}},"180":{"start":{"line":181,"column":0},"end":{"line":181,"column":4}},"182":{"start":{"line":183,"column":0},"end":{"line":183,"column":66}},"183":{"start":{"line":184,"column":0},"end":{"line":184,"column":37}},"184":{"start":{"line":185,"column":0},"end":{"line":185,"column":3}},"186":{"start":{"line":187,"column":0},"end":{"line":187,"column":66}},"187":{"start":{"line":188,"column":0},"end":{"line":188,"column":37}},"188":{"start":{"line":189,"column":0},"end":{"line":189,"column":3}},"190":{"start":{"line":191,"column":0},"end":{"line":191,"column":40}},"191":{"start":{"line":192,"column":0},"end":{"line":192,"column":36}},"192":{"start":{"line":193,"column":0},"end":{"line":193,"column":37}},"193":{"start":{"line":194,"column":0},"end":{"line":194,"column":67}},"194":{"start":{"line":195,"column":0},"end":{"line":195,"column":35}},"195":{"start":{"line":196,"column":0},"end":{"line":196,"column":41}},"196":{"start":{"line":197,"column":0},"end":{"line":197,"column":25}},"197":{"start":{"line":198,"column":0},"end":{"line":198,"column":38}},"198":{"start":{"line":199,"column":0},"end":{"line":199,"column":28}},"199":{"start":{"line":200,"column":0},"end":{"line":200,"column":3}},"201":{"start":{"line":202,"column":0},"end":{"line":202,"column":21}},"202":{"start":{"line":203,"column":0},"end":{"line":203,"column":1}},"204":{"start":{"line":205,"column":0},"end":{"line":205,"column":3}},"206":{"start":{"line":207,"column":0},"end":{"line":207,"column":3}},"207":{"start":{"line":208,"column":0},"end":{"line":208,"column":66}},"208":{"start":{"line":209,"column":0},"end":{"line":209,"column":28}},"209":{"start":{"line":210,"column":0},"end":{"line":210,"column":1}},"211":{"start":{"line":212,"column":0},"end":{"line":212,"column":3}},"213":{"start":{"line":214,"column":0},"end":{"line":214,"column":3}},"214":{"start":{"line":215,"column":0},"end":{"line":215,"column":36}},"215":{"start":{"line":216,"column":0},"end":{"line":216,"column":22}},"216":{"start":{"line":217,"column":0},"end":{"line":217,"column":18}},"218":{"start":{"line":219,"column":0},"end":{"line":219,"column":10}},"219":{"start":{"line":220,"column":0},"end":{"line":220,"column":13}},"220":{"start":{"line":221,"column":0},"end":{"line":221,"column":66}},"221":{"start":{"line":222,"column":0},"end":{"line":222,"column":4}},"222":{"start":{"line":223,"column":0},"end":{"line":223,"column":1}},"224":{"start":{"line":225,"column":0},"end":{"line":225,"column":3}},"226":{"start":{"line":227,"column":0},"end":{"line":227,"column":3}},"227":{"start":{"line":228,"column":0},"end":{"line":228,"column":31}},"228":{"start":{"line":229,"column":0},"end":{"line":229,"column":15}},"230":{"start":{"line":231,"column":0},"end":{"line":231,"column":49}},"231":{"start":{"line":232,"column":0},"end":{"line":232,"column":1}},"233":{"start":{"line":234,"column":0},"end":{"line":234,"column":63}},"234":{"start":{"line":235,"column":0},"end":{"line":235,"column":32}},"235":{"start":{"line":236,"column":0},"end":{"line":236,"column":46}},"236":{"start":{"line":237,"column":0},"end":{"line":237,"column":74}},"237":{"start":{"line":238,"column":0},"end":{"line":238,"column":14}},"238":{"start":{"line":239,"column":0},"end":{"line":239,"column":3}},"240":{"start":{"line":241,"column":0},"end":{"line":241,"column":7}},"241":{"start":{"line":242,"column":0},"end":{"line":242,"column":61}},"242":{"start":{"line":243,"column":0},"end":{"line":243,"column":55}},"243":{"start":{"line":244,"column":0},"end":{"line":244,"column":49}},"244":{"start":{"line":245,"column":0},"end":{"line":245,"column":79}},"245":{"start":{"line":246,"column":0},"end":{"line":246,"column":49}},"247":{"start":{"line":248,"column":0},"end":{"line":248,"column":27}},"248":{"start":{"line":249,"column":0},"end":{"line":249,"column":27}},"249":{"start":{"line":250,"column":0},"end":{"line":250,"column":7}},"251":{"start":{"line":252,"column":0},"end":{"line":252,"column":75}},"252":{"start":{"line":253,"column":0},"end":{"line":253,"column":47}},"253":{"start":{"line":254,"column":0},"end":{"line":254,"column":32}},"254":{"start":{"line":255,"column":0},"end":{"line":255,"column":32}},"255":{"start":{"line":256,"column":0},"end":{"line":256,"column":7}},"256":{"start":{"line":257,"column":0},"end":{"line":257,"column":5}},"258":{"start":{"line":259,"column":0},"end":{"line":259,"column":70}},"259":{"start":{"line":260,"column":0},"end":{"line":260,"column":14}},"260":{"start":{"line":261,"column":0},"end":{"line":261,"column":19}},"261":{"start":{"line":262,"column":0},"end":{"line":262,"column":70}},"262":{"start":{"line":263,"column":0},"end":{"line":263,"column":14}},"263":{"start":{"line":264,"column":0},"end":{"line":264,"column":3}},"264":{"start":{"line":265,"column":0},"end":{"line":265,"column":1}}},"s":{"3":0,"5":0,"6":0,"8":0,"10":0,"11":0,"12":0,"14":0,"15":0,"17":0,"19":0,"20":0,"21":0,"23":0,"24":0,"25":0,"26":0,"27":0,"28":0,"29":0,"30":0,"32":0,"34":0,"35":0,"36":0,"38":0,"39":0,"41":0,"43":0,"44":0,"45":0,"47":0,"48":0,"50":0,"52":0,"53":0,"54":0,"56":0,"57":0,"59":0,"61":0,"62":0,"63":0,"65":0,"66":0,"68":0,"70":0,"71":0,"72":0,"74":0,"75":0,"77":0,"79":0,"80":0,"81":0,"83":0,"84":0,"85":0,"87":0,"89":0,"90":0,"91":0,"92":0,"94":0,"95":0,"96":0,"97":0,"98":0,"100":0,"102":0,"103":0,"104":0,"105":0,"107":0,"108":0,"109":0,"110":0,"111":0,"112":0,"113":0,"114":0,"116":0,"118":0,"119":0,"120":0,"121":0,"123":0,"124":0,"125":0,"126":0,"128":0,"129":0,"130":0,"131":0,"132":0,"133":0,"134":0,"136":0,"137":0,"139":0,"141":0,"142":0,"143":0,"144":0,"146":0,"147":0,"149":0,"151":0,"152":0,"153":0,"154":0,"156":0,"157":0,"158":0,"159":0,"161":0,"162":0,"163":0,"164":0,"166":0,"167":0,"169":0,"171":0,"172":0,"173":0,"174":0,"176":0,"177":0,"178":0,"179":0,"180":0,"182":0,"183":0,"184":0,"186":0,"187":0,"188":0,"190":0,"191":0,"192":0,"193":0,"194":0,"195":0,"196":0,"197":0,"198":0,"199":0,"201":0,"202":0,"204":0,"206":0,"207":0,"208":0,"209":0,"211":0,"213":0,"214":0,"215":0,"216":0,"218":0,"219":0,"220":0,"221":0,"222":0,"224":0,"226":0,"227":0,"228":0,"230":0,"231":0,"233":0,"234":0,"235":0,"236":0,"237":0,"238":0,"240":0,"241":0,"242":0,"243":0,"244":0,"245":0,"247":0,"248":0,"249":0,"251":0,"252":0,"253":0,"254":0,"255":0,"256":0,"258":0,"259":0,"260":0,"261":0,"262":0,"263":0,"264":0},"branchMap":{"0":{"type":"branch","line":1,"loc":{"start":{"line":1,"column":6458},"end":{"line":265,"column":1}},"locations":[{"start":{"line":1,"column":6458},"end":{"line":265,"column":1}}]}},"b":{"0":[1]},"fnMap":{"0":{"name":"(empty-report)","decl":{"start":{"line":1,"column":6458},"end":{"line":265,"column":1}},"loc":{"start":{"line":1,"column":6458},"end":{"line":265,"column":1}},"line":1}},"f":{"0":1}}
,"/Users/ngalluzzo/conform/src/validation-orchestrator.ts": {"path":"/Users/ngalluzzo/conform/src/validation-orchestrator.ts","all":false,"statementMap":{"0":{"start":{"line":1,"column":0},"end":{"line":1,"column":27}},"8":{"start":{"line":9,"column":0},"end":{"line":9,"column":37}},"9":{"start":{"line":10,"column":0},"end":{"line":10,"column":39}},"10":{"start":{"line":11,"column":0},"end":{"line":11,"column":37}},"11":{"start":{"line":12,"column":0},"end":{"line":12,"column":50}},"13":{"start":{"line":14,"column":0},"end":{"line":14,"column":14}},"14":{"start":{"line":15,"column":0},"end":{"line":15,"column":33}},"15":{"start":{"line":16,"column":0},"end":{"line":16,"column":43}},"16":{"start":{"line":17,"column":0},"end":{"line":17,"column":5}},"17":{"start":{"line":18,"column":0},"end":{"line":18,"column":25}},"18":{"start":{"line":19,"column":0},"end":{"line":19,"column":37}},"19":{"start":{"line":20,"column":0},"end":{"line":20,"column":18}},"20":{"start":{"line":21,"column":0},"end":{"line":21,"column":21}},"21":{"start":{"line":22,"column":0},"end":{"line":22,"column":26}},"22":{"start":{"line":23,"column":0},"end":{"line":23,"column":26}},"23":{"start":{"line":24,"column":0},"end":{"line":24,"column":17}},"24":{"start":{"line":25,"column":0},"end":{"line":25,"column":21}},"25":{"start":{"line":26,"column":0},"end":{"line":26,"column":6}},"26":{"start":{"line":27,"column":0},"end":{"line":27,"column":3}},"28":{"start":{"line":29,"column":0},"end":{"line":29,"column":5}},"30":{"start":{"line":31,"column":0},"end":{"line":31,"column":5}},"31":{"start":{"line":32,"column":0},"end":{"line":32,"column":42}},"32":{"start":{"line":33,"column":0},"end":{"line":33,"column":41}},"33":{"start":{"line":34,"column":0},"end":{"line":34,"column":38}},"34":{"start":{"line":35,"column":0},"end":{"line":35,"column":22}},"35":{"start":{"line":36,"column":0},"end":{"line":36,"column":23}},"36":{"start":{"line":37,"column":0},"end":{"line":37,"column":25}},"37":{"start":{"line":38,"column":0},"end":{"line":38,"column":19}},"38":{"start":{"line":39,"column":0},"end":{"line":39,"column":21}},"39":{"start":{"line":40,"column":0},"end":{"line":40,"column":8}},"40":{"start":{"line":41,"column":0},"end":{"line":41,"column":5}},"41":{"start":{"line":42,"column":0},"end":{"line":42,"column":3}},"43":{"start":{"line":44,"column":0},"end":{"line":44,"column":5}},"45":{"start":{"line":46,"column":0},"end":{"line":46,"column":5}},"46":{"start":{"line":47,"column":0},"end":{"line":47,"column":22}},"47":{"start":{"line":48,"column":0},"end":{"line":48,"column":22}},"48":{"start":{"line":49,"column":0},"end":{"line":49,"column":19}},"49":{"start":{"line":50,"column":0},"end":{"line":50,"column":41}},"50":{"start":{"line":51,"column":0},"end":{"line":51,"column":36}},"51":{"start":{"line":52,"column":0},"end":{"line":52,"column":52}},"52":{"start":{"line":53,"column":0},"end":{"line":53,"column":22}},"53":{"start":{"line":54,"column":0},"end":{"line":54,"column":60}},"54":{"start":{"line":55,"column":0},"end":{"line":55,"column":5}},"56":{"start":{"line":57,"column":0},"end":{"line":57,"column":63}},"57":{"start":{"line":58,"column":0},"end":{"line":58,"column":50}},"58":{"start":{"line":59,"column":0},"end":{"line":59,"column":24}},"59":{"start":{"line":60,"column":0},"end":{"line":60,"column":5}},"61":{"start":{"line":62,"column":0},"end":{"line":62,"column":48}},"62":{"start":{"line":63,"column":0},"end":{"line":63,"column":18}},"63":{"start":{"line":64,"column":0},"end":{"line":64,"column":24}},"64":{"start":{"line":65,"column":0},"end":{"line":65,"column":5}},"66":{"start":{"line":67,"column":0},"end":{"line":67,"column":9}},"67":{"start":{"line":68,"column":0},"end":{"line":68,"column":26}},"68":{"start":{"line":69,"column":0},"end":{"line":69,"column":32}},"69":{"start":{"line":70,"column":0},"end":{"line":70,"column":29}},"70":{"start":{"line":71,"column":0},"end":{"line":71,"column":21}},"71":{"start":{"line":72,"column":0},"end":{"line":72,"column":40}},"72":{"start":{"line":73,"column":0},"end":{"line":73,"column":35}},"73":{"start":{"line":74,"column":0},"end":{"line":74,"column":45}},"74":{"start":{"line":75,"column":0},"end":{"line":75,"column":46}},"76":{"start":{"line":77,"column":0},"end":{"line":77,"column":7}},"77":{"start":{"line":78,"column":0},"end":{"line":78,"column":5}},"79":{"start":{"line":80,"column":0},"end":{"line":80,"column":22}},"80":{"start":{"line":81,"column":0},"end":{"line":81,"column":3}},"82":{"start":{"line":83,"column":0},"end":{"line":83,"column":5}},"84":{"start":{"line":85,"column":0},"end":{"line":85,"column":5}},"85":{"start":{"line":86,"column":0},"end":{"line":86,"column":27}},"86":{"start":{"line":87,"column":0},"end":{"line":87,"column":37}},"87":{"start":{"line":88,"column":0},"end":{"line":88,"column":24}},"88":{"start":{"line":89,"column":0},"end":{"line":89,"column":32}},"90":{"start":{"line":91,"column":0},"end":{"line":91,"column":39}},"91":{"start":{"line":92,"column":0},"end":{"line":92,"column":20}},"92":{"start":{"line":93,"column":0},"end":{"line":93,"column":5}},"94":{"start":{"line":95,"column":0},"end":{"line":95,"column":53}},"95":{"start":{"line":96,"column":0},"end":{"line":96,"column":11}},"96":{"start":{"line":97,"column":0},"end":{"line":97,"column":80}},"100":{"start":{"line":101,"column":0},"end":{"line":101,"column":43}},"101":{"start":{"line":102,"column":0},"end":{"line":102,"column":48}},"102":{"start":{"line":103,"column":0},"end":{"line":103,"column":38}},"103":{"start":{"line":104,"column":0},"end":{"line":104,"column":9}},"104":{"start":{"line":105,"column":0},"end":{"line":105,"column":23}},"105":{"start":{"line":106,"column":0},"end":{"line":106,"column":20}},"106":{"start":{"line":107,"column":0},"end":{"line":107,"column":43}},"107":{"start":{"line":108,"column":0},"end":{"line":108,"column":68}},"108":{"start":{"line":109,"column":0},"end":{"line":109,"column":12}},"110":{"start":{"line":111,"column":0},"end":{"line":111,"column":7}},"111":{"start":{"line":112,"column":0},"end":{"line":112,"column":5}},"113":{"start":{"line":114,"column":0},"end":{"line":114,"column":35}},"114":{"start":{"line":115,"column":0},"end":{"line":115,"column":18}},"115":{"start":{"line":116,"column":0},"end":{"line":116,"column":3}},"117":{"start":{"line":118,"column":0},"end":{"line":118,"column":5}},"119":{"start":{"line":120,"column":0},"end":{"line":120,"column":5}},"120":{"start":{"line":121,"column":0},"end":{"line":121,"column":21}},"121":{"start":{"line":122,"column":0},"end":{"line":122,"column":37}},"122":{"start":{"line":123,"column":0},"end":{"line":123,"column":35}},"123":{"start":{"line":124,"column":0},"end":{"line":124,"column":33}},"124":{"start":{"line":125,"column":0},"end":{"line":125,"column":64}},"125":{"start":{"line":126,"column":0},"end":{"line":126,"column":61}},"126":{"start":{"line":127,"column":0},"end":{"line":127,"column":5}},"128":{"start":{"line":129,"column":0},"end":{"line":129,"column":33}},"129":{"start":{"line":130,"column":0},"end":{"line":130,"column":44}},"131":{"start":{"line":132,"column":0},"end":{"line":132,"column":35}},"132":{"start":{"line":133,"column":0},"end":{"line":133,"column":65}},"133":{"start":{"line":134,"column":0},"end":{"line":134,"column":31}},"135":{"start":{"line":136,"column":0},"end":{"line":136,"column":59}},"136":{"start":{"line":137,"column":0},"end":{"line":137,"column":59}},"138":{"start":{"line":139,"column":0},"end":{"line":139,"column":22}},"139":{"start":{"line":140,"column":0},"end":{"line":140,"column":3}},"141":{"start":{"line":142,"column":0},"end":{"line":142,"column":5}},"143":{"start":{"line":144,"column":0},"end":{"line":144,"column":5}},"144":{"start":{"line":145,"column":0},"end":{"line":145,"column":39}},"145":{"start":{"line":146,"column":0},"end":{"line":146,"column":52}},"146":{"start":{"line":147,"column":0},"end":{"line":147,"column":21}},"147":{"start":{"line":148,"column":0},"end":{"line":148,"column":34}},"148":{"start":{"line":149,"column":0},"end":{"line":149,"column":5}},"149":{"start":{"line":150,"column":0},"end":{"line":150,"column":3}},"151":{"start":{"line":152,"column":0},"end":{"line":152,"column":5}},"153":{"start":{"line":154,"column":0},"end":{"line":154,"column":5}},"154":{"start":{"line":155,"column":0},"end":{"line":155,"column":37}},"155":{"start":{"line":156,"column":0},"end":{"line":156,"column":52}},"156":{"start":{"line":157,"column":0},"end":{"line":157,"column":21}},"157":{"start":{"line":158,"column":0},"end":{"line":158,"column":32}},"158":{"start":{"line":159,"column":0},"end":{"line":159,"column":5}},"159":{"start":{"line":160,"column":0},"end":{"line":160,"column":3}},"161":{"start":{"line":162,"column":0},"end":{"line":162,"column":5}},"163":{"start":{"line":164,"column":0},"end":{"line":164,"column":5}},"164":{"start":{"line":165,"column":0},"end":{"line":165,"column":80}},"165":{"start":{"line":166,"column":0},"end":{"line":166,"column":52}},"167":{"start":{"line":168,"column":0},"end":{"line":168,"column":35}},"168":{"start":{"line":169,"column":0},"end":{"line":169,"column":19}},"169":{"start":{"line":170,"column":0},"end":{"line":170,"column":39}},"171":{"start":{"line":172,"column":0},"end":{"line":172,"column":18}},"172":{"start":{"line":173,"column":0},"end":{"line":173,"column":55}},"173":{"start":{"line":174,"column":0},"end":{"line":174,"column":39}},"175":{"start":{"line":176,"column":0},"end":{"line":176,"column":25}},"176":{"start":{"line":177,"column":0},"end":{"line":177,"column":65}},"177":{"start":{"line":178,"column":0},"end":{"line":178,"column":61}},"179":{"start":{"line":180,"column":0},"end":{"line":180,"column":14}},"180":{"start":{"line":181,"column":0},"end":{"line":181,"column":20}},"181":{"start":{"line":182,"column":0},"end":{"line":182,"column":5}},"182":{"start":{"line":183,"column":0},"end":{"line":183,"column":3}},"184":{"start":{"line":185,"column":0},"end":{"line":185,"column":5}},"186":{"start":{"line":187,"column":0},"end":{"line":187,"column":5}},"187":{"start":{"line":188,"column":0},"end":{"line":188,"column":35}},"188":{"start":{"line":189,"column":0},"end":{"line":189,"column":29}},"189":{"start":{"line":190,"column":0},"end":{"line":190,"column":3}},"191":{"start":{"line":192,"column":0},"end":{"line":192,"column":5}},"193":{"start":{"line":194,"column":0},"end":{"line":194,"column":5}},"194":{"start":{"line":195,"column":0},"end":{"line":195,"column":70}},"195":{"start":{"line":196,"column":0},"end":{"line":196,"column":40}},"196":{"start":{"line":197,"column":0},"end":{"line":197,"column":3}},"198":{"start":{"line":199,"column":0},"end":{"line":199,"column":5}},"200":{"start":{"line":201,"column":0},"end":{"line":201,"column":5}},"201":{"start":{"line":202,"column":0},"end":{"line":202,"column":17}},"202":{"start":{"line":203,"column":0},"end":{"line":203,"column":57}},"203":{"start":{"line":204,"column":0},"end":{"line":204,"column":24}},"204":{"start":{"line":205,"column":0},"end":{"line":205,"column":26}},"205":{"start":{"line":206,"column":0},"end":{"line":206,"column":27}},"206":{"start":{"line":207,"column":0},"end":{"line":207,"column":7}},"207":{"start":{"line":208,"column":0},"end":{"line":208,"column":31}},"208":{"start":{"line":209,"column":0},"end":{"line":209,"column":30}},"209":{"start":{"line":210,"column":0},"end":{"line":210,"column":3}},"211":{"start":{"line":212,"column":0},"end":{"line":212,"column":5}},"213":{"start":{"line":214,"column":0},"end":{"line":214,"column":5}},"214":{"start":{"line":215,"column":0},"end":{"line":215,"column":40}},"215":{"start":{"line":216,"column":0},"end":{"line":216,"column":43}},"216":{"start":{"line":217,"column":0},"end":{"line":217,"column":23}},"217":{"start":{"line":218,"column":0},"end":{"line":218,"column":37}},"218":{"start":{"line":219,"column":0},"end":{"line":219,"column":5}},"219":{"start":{"line":220,"column":0},"end":{"line":220,"column":3}},"220":{"start":{"line":221,"column":0},"end":{"line":221,"column":1}}},"s":{"0":1,"8":1,"9":1,"10":1,"11":1,"13":1,"14":24,"15":24,"16":24,"17":24,"18":24,"19":24,"20":24,"21":24,"22":24,"23":24,"24":24,"25":24,"26":24,"28":1,"30":1,"31":1,"32":22,"33":59,"34":59,"35":59,"36":59,"37":59,"38":59,"39":59,"40":59,"41":22,"43":1,"45":1,"46":1,"47":19,"48":19,"49":19,"50":19,"51":19,"52":19,"53":1,"54":1,"56":18,"57":19,"58":2,"59":2,"61":16,"62":19,"63":1,"64":1,"66":15,"67":15,"68":15,"69":15,"70":19,"71":10,"72":10,"73":10,"74":10,"76":10,"77":10,"79":15,"80":15,"82":1,"84":1,"85":1,"86":5,"87":5,"88":5,"90":5,"91":3,"92":3,"94":2,"95":2,"96":2,"100":2,"101":2,"102":1,"103":1,"104":2,"105":1,"106":1,"107":1,"108":1,"110":1,"111":2,"113":2,"114":2,"115":2,"117":1,"119":1,"120":1,"121":3,"122":3,"123":3,"124":3,"125":6,"126":6,"128":3,"129":3,"131":3,"132":3,"133":3,"135":3,"136":3,"138":3,"139":3,"141":1,"143":1,"144":1,"145":2,"146":2,"147":2,"148":2,"149":2,"151":1,"153":1,"154":1,"155":1,"156":1,"157":1,"158":1,"159":1,"161":1,"163":1,"164":1,"165":18,"167":18,"168":18,"169":18,"171":18,"172":2,"173":2,"175":18,"176":2,"177":2,"179":18,"180":0,"181":18,"182":18,"184":1,"186":1,"187":1,"188":5,"189":5,"191":1,"193":1,"194":1,"195":2,"196":2,"198":1,"200":1,"201":1,"202":1,"203":3,"204":3,"205":3,"206":3,"207":1,"208":1,"209":1,"211":1,"213":1,"214":1,"215":3,"216":3,"217":2,"218":2,"219":3,"220":1},"branchMap":{"0":{"type":"branch","line":32,"loc":{"start":{"line":32,"column":2},"end":{"line":42,"column":3}},"locations":[{"start":{"line":32,"column":2},"end":{"line":42,"column":3}}]},"1":{"type":"branch","line":33,"loc":{"start":{"line":33,"column":40},"end":{"line":41,"column":5}},"locations":[{"start":{"line":33,"column":40},"end":{"line":41,"column":5}}]},"2":{"type":"branch","line":47,"loc":{"start":{"line":47,"column":2},"end":{"line":81,"column":3}},"locations":[{"start":{"line":47,"column":2},"end":{"line":81,"column":3}}]},"3":{"type":"branch","line":53,"loc":{"start":{"line":53,"column":21},"end":{"line":55,"column":5}},"locations":[{"start":{"line":53,"column":21},"end":{"line":55,"column":5}}]},"4":{"type":"branch","line":55,"loc":{"start":{"line":55,"column":4},"end":{"line":58,"column":49}},"locations":[{"start":{"line":55,"column":4},"end":{"line":58,"column":49}}]},"5":{"type":"branch","line":58,"loc":{"start":{"line":58,"column":49},"end":{"line":60,"column":5}},"locations":[{"start":{"line":58,"column":49},"end":{"line":60,"column":5}}]},"6":{"type":"branch","line":60,"loc":{"start":{"line":60,"column":4},"end":{"line":63,"column":17}},"locations":[{"start":{"line":60,"column":4},"end":{"line":63,"column":17}}]},"7":{"type":"branch","line":63,"loc":{"start":{"line":63,"column":17},"end":{"line":65,"column":5}},"locations":[{"start":{"line":63,"column":17},"end":{"line":65,"column":5}}]},"8":{"type":"branch","line":65,"loc":{"start":{"line":65,"column":4},"end":{"line":71,"column":6}},"locations":[{"start":{"line":65,"column":4},"end":{"line":71,"column":6}}]},"9":{"type":"branch","line":71,"loc":{"start":{"line":71,"column":6},"end":{"line":78,"column":5}},"locations":[{"start":{"line":71,"column":6},"end":{"line":78,"column":5}}]},"10":{"type":"branch","line":78,"loc":{"start":{"line":78,"column":4},"end":{"line":81,"column":3}},"locations":[{"start":{"line":78,"column":4},"end":{"line":81,"column":3}}]},"11":{"type":"branch","line":75,"loc":{"start":{"line":75,"column":10},"end":{"line":75,"column":46}},"locations":[{"start":{"line":75,"column":10},"end":{"line":75,"column":46}}]},"12":{"type":"branch","line":86,"loc":{"start":{"line":86,"column":2},"end":{"line":116,"column":3}},"locations":[{"start":{"line":86,"column":2},"end":{"line":116,"column":3}}]},"13":{"type":"branch","line":91,"loc":{"start":{"line":91,"column":38},"end":{"line":93,"column":5}},"locations":[{"start":{"line":91,"column":38},"end":{"line":93,"column":5}}]},"14":{"type":"branch","line":93,"loc":{"start":{"line":93,"column":4},"end":{"line":116,"column":3}},"locations":[{"start":{"line":93,"column":4},"end":{"line":116,"column":3}}]},"15":{"type":"branch","line":102,"loc":{"start":{"line":102,"column":27},"end":{"line":102,"column":45}},"locations":[{"start":{"line":102,"column":27},"end":{"line":102,"column":45}}]},"16":{"type":"branch","line":102,"loc":{"start":{"line":102,"column":47},"end":{"line":104,"column":9}},"locations":[{"start":{"line":102,"column":47},"end":{"line":104,"column":9}}]},"17":{"type":"branch","line":105,"loc":{"start":{"line":105,"column":8},"end":{"line":111,"column":7}},"locations":[{"start":{"line":105,"column":8},"end":{"line":111,"column":7}}]},"18":{"type":"branch","line":108,"loc":{"start":{"line":108,"column":50},"end":{"line":108,"column":68}},"locations":[{"start":{"line":108,"column":50},"end":{"line":108,"column":68}}]},"19":{"type":"branch","line":121,"loc":{"start":{"line":121,"column":2},"end":{"line":140,"column":3}},"locations":[{"start":{"line":121,"column":2},"end":{"line":140,"column":3}}]},"20":{"type":"branch","line":125,"loc":{"start":{"line":125,"column":63},"end":{"line":127,"column":5}},"locations":[{"start":{"line":125,"column":63},"end":{"line":127,"column":5}}]},"21":{"type":"branch","line":137,"loc":{"start":{"line":137,"column":26},"end":{"line":137,"column":59}},"locations":[{"start":{"line":137,"column":26},"end":{"line":137,"column":59}}]},"22":{"type":"branch","line":134,"loc":{"start":{"line":134,"column":6},"end":{"line":134,"column":31}},"locations":[{"start":{"line":134,"column":6},"end":{"line":134,"column":31}}]},"23":{"type":"branch","line":145,"loc":{"start":{"line":145,"column":2},"end":{"line":150,"column":3}},"locations":[{"start":{"line":145,"column":2},"end":{"line":150,"column":3}}]},"24":{"type":"branch","line":155,"loc":{"start":{"line":155,"column":2},"end":{"line":160,"column":3}},"locations":[{"start":{"line":155,"column":2},"end":{"line":160,"column":3}}]},"25":{"type":"branch","line":165,"loc":{"start":{"line":165,"column":2},"end":{"line":183,"column":3}},"locations":[{"start":{"line":165,"column":2},"end":{"line":183,"column":3}}]},"26":{"type":"branch","line":169,"loc":{"start":{"line":169,"column":6},"end":{"line":170,"column":21}},"locations":[{"start":{"line":169,"column":6},"end":{"line":170,"column":21}}]},"27":{"type":"branch","line":172,"loc":{"start":{"line":172,"column":6},"end":{"line":174,"column":39}},"locations":[{"start":{"line":172,"column":6},"end":{"line":174,"column":39}}]},"28":{"type":"branch","line":176,"loc":{"start":{"line":176,"column":6},"end":{"line":178,"column":61}},"locations":[{"start":{"line":176,"column":6},"end":{"line":178,"column":61}}]},"29":{"type":"branch","line":178,"loc":{"start":{"line":178,"column":35},"end":{"line":178,"column":61}},"locations":[{"start":{"line":178,"column":35},"end":{"line":178,"column":61}}]},"30":{"type":"branch","line":180,"loc":{"start":{"line":180,"column":6},"end":{"line":181,"column":20}},"locations":[{"start":{"line":180,"column":6},"end":{"line":181,"column":20}}]},"31":{"type":"branch","line":188,"loc":{"start":{"line":188,"column":2},"end":{"line":190,"column":3}},"locations":[{"start":{"line":188,"column":2},"end":{"line":190,"column":3}}]},"32":{"type":"branch","line":195,"loc":{"start":{"line":195,"column":2},"end":{"line":197,"column":3}},"locations":[{"start":{"line":195,"column":2},"end":{"line":197,"column":3}}]},"33":{"type":"branch","line":202,"loc":{"start":{"line":202,"column":2},"end":{"line":210,"column":3}},"locations":[{"start":{"line":202,"column":2},"end":{"line":210,"column":3}}]},"34":{"type":"branch","line":203,"loc":{"start":{"line":203,"column":45},"end":{"line":207,"column":7}},"locations":[{"start":{"line":203,"column":45},"end":{"line":207,"column":7}}]},"35":{"type":"branch","line":215,"loc":{"start":{"line":215,"column":2},"end":{"line":220,"column":3}},"locations":[{"start":{"line":215,"column":2},"end":{"line":220,"column":3}}]},"36":{"type":"branch","line":217,"loc":{"start":{"line":217,"column":22},"end":{"line":219,"column":5}},"locations":[{"start":{"line":217,"column":22},"end":{"line":219,"column":5}}]},"37":{"type":"branch","line":14,"loc":{"start":{"line":14,"column":2},"end":{"line":27,"column":3}},"locations":[{"start":{"line":14,"column":2},"end":{"line":27,"column":3}}]}},"b":{"0":[22],"1":[59],"2":[19],"3":[1],"4":[18],"5":[2],"6":[16],"7":[1],"8":[15],"9":[10],"10":[15],"11":[10],"12":[5],"13":[3],"14":[2],"15":[1],"16":[1],"17":[1],"18":[0],"19":[3],"20":[6],"21":[2],"22":[7],"23":[2],"24":[1],"25":[18],"26":[14],"27":[2],"28":[2],"29":[1],"30":[0],"31":[5],"32":[2],"33":[1],"34":[3],"35":[3],"36":[2],"37":[24]},"fnMap":{"0":{"name":"initializeFields","decl":{"start":{"line":32,"column":2},"end":{"line":42,"column":3}},"loc":{"start":{"line":32,"column":2},"end":{"line":42,"column":3}},"line":32},"1":{"name":"validateField","decl":{"start":{"line":47,"column":2},"end":{"line":81,"column":3}},"loc":{"start":{"line":47,"column":2},"end":{"line":81,"column":3}},"line":47},"2":{"name":"validateCrossField","decl":{"start":{"line":86,"column":2},"end":{"line":116,"column":3}},"loc":{"start":{"line":86,"column":2},"end":{"line":116,"column":3}},"line":86},"3":{"name":"validateForm","decl":{"start":{"line":121,"column":2},"end":{"line":140,"column":3}},"loc":{"start":{"line":121,"column":2},"end":{"line":140,"column":3}},"line":121},"4":{"name":"markFieldTouched","decl":{"start":{"line":145,"column":2},"end":{"line":150,"column":3}},"loc":{"start":{"line":145,"column":2},"end":{"line":150,"column":3}},"line":145},"5":{"name":"markFieldDirty","decl":{"start":{"line":155,"column":2},"end":{"line":160,"column":3}},"loc":{"start":{"line":155,"column":2},"end":{"line":160,"column":3}},"line":155},"6":{"name":"shouldValidate","decl":{"start":{"line":165,"column":2},"end":{"line":183,"column":3}},"loc":{"start":{"line":165,"column":2},"end":{"line":183,"column":3}},"line":165},"7":{"name":"getState","decl":{"start":{"line":188,"column":2},"end":{"line":190,"column":3}},"loc":{"start":{"line":188,"column":2},"end":{"line":190,"column":3}},"line":188},"8":{"name":"getFieldState","decl":{"start":{"line":195,"column":2},"end":{"line":197,"column":3}},"loc":{"start":{"line":195,"column":2},"end":{"line":197,"column":3}},"line":195},"9":{"name":"clearErrors","decl":{"start":{"line":202,"column":2},"end":{"line":210,"column":3}},"loc":{"start":{"line":202,"column":2},"end":{"line":210,"column":3}},"line":202},"10":{"name":"setSubmitting","decl":{"start":{"line":215,"column":2},"end":{"line":220,"column":3}},"loc":{"start":{"line":215,"column":2},"end":{"line":220,"column":3}},"line":215},"11":{"name":"ValidationOrchestrator","decl":{"start":{"line":14,"column":2},"end":{"line":27,"column":3}},"loc":{"start":{"line":14,"column":2},"end":{"line":27,"column":3}},"line":14}},"f":{"0":22,"1":19,"2":5,"3":3,"4":2,"5":1,"6":18,"7":5,"8":2,"9":1,"10":3,"11":24}}
[...]
n":3}},"79":{"start":{"line":80,"column":0},"end":{"line":80,"column":3}},"80":{"start":{"line":81,"column":0},"end":{"line":81,"column":39}},"81":{"start":{"line":82,"column":0},"end":{"line":82,"column":46}},"82":{"start":{"line":83,"column":0},"end":{"line":83,"column":31}},"83":{"start":{"line":84,"column":0},"end":{"line":84,"column":22}},"84":{"start":{"line":85,"column":0},"end":{"line":85,"column":76}},"85":{"start":{"line":86,"column":0},"end":{"line":86,"column":3}},"87":{"start":{"line":88,"column":0},"end":{"line":88,"column":3}},"89":{"start":{"line":90,"column":0},"end":{"line":90,"column":3}},"90":{"start":{"line":91,"column":0},"end":{"line":91,"column":42}},"99":{"start":{"line":100,"column":0},"end":{"line":100,"column":15}},"100":{"start":{"line":101,"column":0},"end":{"line":101,"column":28}},"101":{"start":{"line":102,"column":0},"end":{"line":102,"column":22}},"102":{"start":{"line":103,"column":0},"end":{"line":103,"column":13}},"103":{"start":{"line":104,"column":0},"end":{"line":104,"column":20}},"104":{"start":{"line":105,"column":0},"end":{"line":105,"column":37}},"105":{"start":{"line":106,"column":0},"end":{"line":106,"column":7}},"107":{"start":{"line":108,"column":0},"end":{"line":108,"column":3}},"109":{"start":{"line":110,"column":0},"end":{"line":110,"column":3}},"111":{"start":{"line":112,"column":0},"end":{"line":112,"column":3}},"112":{"start":{"line":113,"column":0},"end":{"line":113,"column":72}},"114":{"start":{"line":115,"column":0},"end":{"line":115,"column":3}},"116":{"start":{"line":117,"column":0},"end":{"line":117,"column":3}},"117":{"start":{"line":118,"column":0},"end":{"line":118,"column":36}},"118":{"start":{"line":119,"column":0},"end":{"line":119,"column":16}},"119":{"start":{"line":120,"column":0},"end":{"line":120,"column":11}},"120":{"start":{"line":121,"column":0},"end":{"line":121,"column":11}},"121":{"start":{"line":122,"column":0},"end":{"line":122,"column":13}},"122":{"start":{"line":123,"column":0},"end":{"line":123,"column":14}},"123":{"start":{"line":124,"column":0},"end":{"line":124,"column":16}},"124":{"start":{"line":125,"column":0},"end":{"line":125,"column":18}},"125":{"start":{"line":126,"column":0},"end":{"line":126,"column":18}},"126":{"start":{"line":127,"column":0},"end":{"line":127,"column":16}},"127":{"start":{"line":128,"column":0},"end":{"line":128,"column":19}},"128":{"start":{"line":129,"column":0},"end":{"line":129,"column":25}},"129":{"start":{"line":130,"column":0},"end":{"line":130,"column":19}},"130":{"start":{"line":131,"column":0},"end":{"line":131,"column":17}},"131":{"start":{"line":132,"column":0},"end":{"line":132,"column":44}},"132":{"start":{"line":133,"column":0},"end":{"line":133,"column":5}},"133":{"start":{"line":134,"column":0},"end":{"line":134,"column":82}},"134":{"start":{"line":135,"column":0},"end":{"line":135,"column":88}},"135":{"start":{"line":136,"column":0},"end":{"line":136,"column":99}},"136":{"start":{"line":137,"column":0},"end":{"line":137,"column":3}},"138":{"start":{"line":139,"column":0},"end":{"line":139,"column":3}},"140":{"start":{"line":141,"column":0},"end":{"line":141,"column":3}},"141":{"start":{"line":142,"column":0},"end":{"line":142,"column":30}},"142":{"start":{"line":143,"column":0},"end":{"line":143,"column":66}},"143":{"start":{"line":144,"column":0},"end":{"line":144,"column":62}},"144":{"start":{"line":145,"column":0},"end":{"line":145,"column":79}},"145":{"start":{"line":146,"column":0},"end":{"line":146,"column":27}},"146":{"start":{"line":147,"column":0},"end":{"line":147,"column":31}},"147":{"start":{"line":148,"column":0},"end":{"line":148,"column":79}},"148":{"start":{"line":149,"column":0},"end":{"line":149,"column":63}},"149":{"start":{"line":150,"column":0},"end":{"line":150,"column":70}},"150":{"start":{"line":151,"column":0},"end":{"line":151,"column":3}},"152":{"start":{"line":153,"column":0},"end":{"line":153,"column":3}},"154":{"start":{"line":155,"column":0},"end":{"line":155,"column":3}},"155":{"start":{"line":156,"column":0},"end":{"line":156,"column":33}},"156":{"start":{"line":157,"column":0},"end":{"line":157,"column":30}},"157":{"start":{"line":158,"column":0},"end":{"line":158,"column":37}},"158":{"start":{"line":159,"column":0},"end":{"line":159,"column":23}},"159":{"start":{"line":160,"column":0},"end":{"line":160,"column":90}},"160":{"start":{"line":161,"column":0},"end":{"line":161,"column":3}},"162":{"start":{"line":163,"column":0},"end":{"line":163,"column":3}},"164":{"start":{"line":165,"column":0},"end":{"line":165,"column":3}},"165":{"start":{"line":166,"column":0},"end":{"line":166,"column":37}},"166":{"start":{"line":167,"column":0},"end":{"line":167,"column":75}},"167":{"start":{"line":168,"column":0},"end":{"line":168,"column":66}},"168":{"start":{"line":169,"column":0},"end":{"line":169,"column":66}},"169":{"start":{"line":170,"column":0},"end":{"line":170,"column":80}},"170":{"start":{"line":171,"column":0},"end":{"line":171,"column":56}},"171":{"start":{"line":172,"column":0},"end":{"line":172,"column":78}},"172":{"start":{"line":173,"column":0},"end":{"line":173,"column":3}},"174":{"start":{"line":175,"column":0},"end":{"line":175,"column":3}},"176":{"start":{"line":177,"column":0},"end":{"line":177,"column":3}},"177":{"start":{"line":178,"column":0},"end":{"line":178,"column":46}},"178":{"start":{"line":179,"column":0},"end":{"line":179,"column":32}},"179":{"start":{"line":180,"column":0},"end":{"line":180,"column":28}},"180":{"start":{"line":181,"column":0},"end":{"line":181,"column":31}},"181":{"start":{"line":182,"column":0},"end":{"line":182,"column":41}},"182":{"start":{"line":183,"column":0},"end":{"line":183,"column":41}},"183":{"start":{"line":184,"column":0},"end":{"line":184,"column":3}},"202":{"start":{"line":203,"column":0},"end":{"line":203,"column":3}},"204":{"start":{"line":205,"column":0},"end":{"line":205,"column":3}},"205":{"start":{"line":206,"column":0},"end":{"line":206,"column":29}},"206":{"start":{"line":207,"column":0},"end":{"line":207,"column":5}},"208":{"start":{"line":209,"column":0},"end":{"line":209,"column":5}},"209":{"start":{"line":210,"column":0},"end":{"line":210,"column":20}},"210":{"start":{"line":211,"column":0},"end":{"line":211,"column":22}},"211":{"start":{"line":212,"column":0},"end":{"line":212,"column":25}},"212":{"start":{"line":213,"column":0},"end":{"line":213,"column":30}},"214":{"start":{"line":215,"column":0},"end":{"line":215,"column":16}},"215":{"start":{"line":216,"column":0},"end":{"line":216,"column":18}},"216":{"start":{"line":217,"column":0},"end":{"line":217,"column":25}},"217":{"start":{"line":218,"column":0},"end":{"line":218,"column":27}},"218":{"start":{"line":219,"column":0},"end":{"line":219,"column":14}},"219":{"start":{"line":220,"column":0},"end":{"line":220,"column":8}},"220":{"start":{"line":221,"column":0},"end":{"line":221,"column":14}},"221":{"start":{"line":222,"column":0},"end":{"line":222,"column":7}},"223":{"start":{"line":224,"column":0},"end":{"line":224,"column":5}},"225":{"start":{"line":226,"column":0},"end":{"line":226,"column":5}},"226":{"start":{"line":227,"column":0},"end":{"line":227,"column":24}},"227":{"start":{"line":228,"column":0},"end":{"line":228,"column":27}},"228":{"start":{"line":229,"column":0},"end":{"line":229,"column":24}},"229":{"start":{"line":230,"column":0},"end":{"line":230,"column":25}},"231":{"start":{"line":232,"column":0},"end":{"line":232,"column":16}},"232":{"start":{"line":233,"column":0},"end":{"line":233,"column":18}},"233":{"start":{"line":234,"column":0},"end":{"line":234,"column":30}},"234":{"start":{"line":235,"column":0},"end":{"line":235,"column":27}},"235":{"start":{"line":236,"column":0},"end":{"line":236,"column":14}},"236":{"start":{"line":237,"column":0},"end":{"line":237,"column":8}},"237":{"start":{"line":238,"column":0},"end":{"line":238,"column":17}},"238":{"start":{"line":239,"column":0},"end":{"line":239,"column":21}},"239":{"start":{"line":240,"column":0},"end":{"line":240,"column":28}},"240":{"start":{"line":241,"column":0},"end":{"line":241,"column":9}},"241":{"start":{"line":242,"column":0},"end":{"line":242,"column":7}},"243":{"start":{"line":244,"column":0},"end":{"line":244,"column":5}},"245":{"start":{"line":246,"column":0},"end":{"line":246,"column":5}},"246":{"start":{"line":247,"column":0},"end":{"line":247,"column":22}},"247":{"start":{"line":248,"column":0},"end":{"line":248,"column":36}},"248":{"start":{"line":249,"column":0},"end":{"line":249,"column":30}},"250":{"start":{"line":251,"column":0},"end":{"line":251,"column":16}},"251":{"start":{"line":252,"column":0},"end":{"line":252,"column":18}},"252":{"start":{"line":253,"column":0},"end":{"line":253,"column":24}},"253":{"start":{"line":254,"column":0},"end":{"line":254,"column":19}},"254":{"start":{"line":255,"column":0},"end":{"line":255,"column":8}},"255":{"start":{"line":256,"column":0},"end":{"line":256,"column":14}},"256":{"start":{"line":257,"column":0},"end":{"line":257,"column":7}},"258":{"start":{"line":259,"column":0},"end":{"line":259,"column":5}},"260":{"start":{"line":261,"column":0},"end":{"line":261,"column":5}},"261":{"start":{"line":262,"column":0},"end":{"line":262,"column":21}},"262":{"start":{"line":263,"column":0},"end":{"line":263,"column":36}},"263":{"start":{"line":264,"column":0},"end":{"line":264,"column":30}},"265":{"start":{"line":266,"column":0},"end":{"line":266,"column":16}},"266":{"start":{"line":267,"column":0},"end":{"line":267,"column":18}},"267":{"start":{"line":268,"column":0},"end":{"line":268,"column":23}},"268":{"start":{"line":269,"column":0},"end":{"line":269,"column":19}},"269":{"start":{"line":270,"column":0},"end":{"line":270,"column":8}},"270":{"start":{"line":271,"column":0},"end":{"line":271,"column":14}},"271":{"start":{"line":272,"column":0},"end":{"line":272,"column":7}},"273":{"start":{"line":274,"column":0},"end":{"line":274,"column":5}},"275":{"start":{"line":276,"column":0},"end":{"line":276,"column":5}},"276":{"start":{"line":277,"column":0},"end":{"line":277,"column":75}},"277":{"start":{"line":278,"column":0},"end":{"line":278,"column":16}},"278":{"start":{"line":279,"column":0},"end":{"line":279,"column":18}},"279":{"start":{"line":280,"column":0},"end":{"line":280,"column":29}},"280":{"start":{"line":281,"column":0},"end":{"line":281,"column":29}},"281":{"start":{"line":282,"column":0},"end":{"line":282,"column":16}},"282":{"start":{"line":283,"column":0},"end":{"line":283,"column":26}},"283":{"start":{"line":284,"column":0},"end":{"line":284,"column":29}},"284":{"start":{"line":285,"column":0},"end":{"line":285,"column":10}},"285":{"start":{"line":286,"column":0},"end":{"line":286,"column":8}},"286":{"start":{"line":287,"column":0},"end":{"line":287,"column":14}},"287":{"start":{"line":288,"column":0},"end":{"line":288,"column":7}},"288":{"start":{"line":289,"column":0},"end":{"line":289,"column":2}}},"s":{"0":1,"2":1,"4":1,"5":1,"6":1,"7":1,"8":1,"9":1,"10":1,"11":1,"12":1,"13":1,"14":1,"15":1,"16":1,"17":1,"18":1,"19":1,"20":1,"21":1,"22":1,"24":1,"26":1,"27":1,"29":1,"31":1,"32":1,"33":1,"34":1,"35":1,"36":1,"37":1,"38":1,"39":1,"41":1,"43":1,"44":1,"45":1,"46":1,"47":1,"48":1,"50":1,"52":1,"53":1,"54":1,"55":1,"56":1,"58":1,"60":1,"61":1,"62":1,"63":1,"64":1,"65":1,"67":1,"69":1,"70":1,"71":1,"72":1,"73":1,"74":1,"75":1,"77":1,"79":1,"80":1,"81":1,"82":1,"83":1,"84":1,"85":1,"87":1,"89":1,"90":1,"99":1,"100":1,"101":1,"102":1,"103":1,"104":1,"105":1,"107":1,"109":1,"111":1,"112":1,"114":1,"116":1,"117":1,"118":1,"119":1,"120":1,"121":1,"122":1,"123":1,"124":1,"125":1,"126":1,"127":1,"128":1,"129":1,"130":1,"131":1,"132":1,"133":1,"134":1,"135":1,"136":1,"138":1,"140":1,"141":1,"142":1,"143":1,"144":1,"145":1,"146":1,"147":1,"148":1,"149":1,"150":1,"152":1,"154":1,"155":1,"156":1,"157":1,"158":1,"159":1,"160":1,"162":1,"164":1,"165":1,"166":1,"167":1,"168":1,"169":1,"170":1,"171":1,"172":1,"174":1,"176":1,"177":1,"178":1,"179":1,"180":1,"181":1,"182":1,"183":1,"202":1,"204":1,"205":1,"206":1,"208":1,"209":1,"210":1,"211":1,"212":1,"214":1,"215":1,"216":1,"217":1,"218":1,"219":1,"220":1,"221":1,"223":1,"225":1,"226":1,"227":1,"228":1,"229":1,"231":1,"232":1,"233":1,"234":1,"235":1,"236":1,"237":1,"238":1,"239":1,"240":1,"241":1,"243":1,"245":1,"246":1,"247":1,"248":1,"250":1,"251":1,"252":1,"253":1,"254":1,"255":1,"256":1,"258":1,"260":1,"261":1,"262":1,"263":1,"265":1,"266":1,"267":1,"268":1,"269":1,"270":1,"271":1,"273":1,"275":1,"276":1,"277":0,"278":0,"279":0,"280":0,"281":0,"282":0,"283":0,"284":0,"285":0,"286":0,"287":0,"288":1},"branchMap":{"0":{"type":"branch","line":210,"loc":{"start":{"line":210,"column":19},"end":{"line":222,"column":7}},"locations":[{"start":{"line":210,"column":19},"end":{"line":222,"column":7}}]},"1":{"type":"branch","line":227,"loc":{"start":{"line":227,"column":23},"end":{"line":242,"column":7}},"locations":[{"start":{"line":227,"column":23},"end":{"line":242,"column":7}}]},"2":{"type":"branch","line":247,"loc":{"start":{"line":247,"column":21},"end":{"line":257,"column":7}},"locations":[{"start":{"line":247,"column":21},"end":{"line":257,"column":7}}]},"3":{"type":"branch","line":262,"loc":{"start":{"line":262,"column":20},"end":{"line":272,"column":7}},"locations":[{"start":{"line":262,"column":20},"end":{"line":272,"column":7}}]}},"b":{"0":[1],"1":[1],"2":[1],"3":[1]},"fnMap":{"0":{"name":"whenFieldEquals","decl":{"start":{"line":210,"column":19},"end":{"line":222,"column":7}},"loc":{"start":{"line":210,"column":19},"end":{"line":222,"column":7}},"line":210},"1":{"name":"showWhenFieldEquals","decl":{"start":{"line":227,"column":23},"end":{"line":242,"column":7}},"loc":{"start":{"line":227,"column":23},"end":{"line":242,"column":7}},"line":227},"2":{"name":"whenAllConditions","decl":{"start":{"line":247,"column":21},"end":{"line":257,"column":7}},"loc":{"start":{"line":247,"column":21},"end":{"line":257,"column":7}},"line":247},"3":{"name":"whenAnyCondition","decl":{"start":{"line":262,"column":20},"end":{"line":272,"column":7}},"loc":{"start":{"line":262,"column":20},"end":{"line":272,"column":7}},"line":262},"4":{"name":"whenUserHasPermission","decl":{"start":{"line":277,"column":25},"end":{"line":288,"column":7}},"loc":{"start":{"line":277,"column":25},"end":{"line":288,"column":7}},"line":277}},"f":{"0":1,"1":1,"2":1,"3":1,"4":0}}
,"/Users/ngalluzzo/conform/src/schemas/validation.schema.ts": {"path":"/Users/ngalluzzo/conform/src/schemas/validation.schema.ts","all":true,"statementMap":{"0":{"start":{"line":1,"column":0},"end":{"line":1,"column":27}},"2":{"start":{"line":3,"column":0},"end":{"line":3,"column":3}},"4":{"start":{"line":5,"column":0},"end":{"line":5,"column":3}},"5":{"start":{"line":6,"column":0},"end":{"line":6,"column":40}},"6":{"start":{"line":7,"column":0},"end":{"line":7,"column":13}},"7":{"start":{"line":8,"column":0},"end":{"line":8,"column":11}},"8":{"start":{"line":9,"column":0},"end":{"line":9,"column":13}},"9":{"start":{"line":10,"column":0},"end":{"line":10,"column":11}},"10":{"start":{"line":11,"column":0},"end":{"line":11,"column":3}},"12":{"start":{"line":13,"column":0},"end":{"line":13,"column":3}},"14":{"start":{"line":15,"column":0},"end":{"line":15,"column":3}},"15":{"start":{"line":16,"column":0},"end":{"line":16,"column":42}},"16":{"start":{"line":17,"column":0},"end":{"line":17,"column":37}},"17":{"start":{"line":18,"column":0},"end":{"line":18,"column":60}},"18":{"start":{"line":19,"column":0},"end":{"line":19,"column":63}},"19":{"start":{"line":20,"column":0},"end":{"line":20,"column":3}},"21":{"start":{"line":22,"column":0},"end":{"line":22,"column":3}},"23":{"start":{"line":24,"column":0},"end":{"line":24,"column":3}},"24":{"start":{"line":25,"column":0},"end":{"line":25,"column":42}},"25":{"start":{"line":26,"column":0},"end":{"line":26,"column":36}},"26":{"start":{"line":27,"column":0},"end":{"line":27,"column":47}},"27":{"start":{"line":28,"column":0},"end":{"line":28,"column":3}},"29":{"start":{"line":30,"column":0},"end":{"line":30,"column":3}},"31":{"start":{"line":32,"column":0},"end":{"line":32,"column":3}},"32":{"start":{"line":33,"column":0},"end":{"line":33,"column":50}},"33":{"start":{"line":34,"column":0},"end":{"line":34,"column":17}},"34":{"start":{"line":35,"column":0},"end":{"line":35,"column":30}},"36":{"start":{"line":37,"column":0},"end":{"line":37,"column":38}},"37":{"start":{"line":38,"column":0},"end":{"line":38,"column":30}},"39":{"start":{"line":40,"column":0},"end":{"line":40,"column":21}},"40":{"start":{"line":41,"column":0},"end":{"line":41,"column":85}},"42":{"start":{"line":43,"column":0},"end":{"line":43,"column":32}},"43":{"start":{"line":44,"column":0},"end":{"line":44,"column":27}},"45":{"start":{"line":46,"column":0},"end":{"line":46,"column":18}},"46":{"start":{"line":47,"column":0},"end":{"line":47,"column":31}},"47":{"start":{"line":48,"column":0},"end":{"line":48,"column":22}},"48":{"start":{"line":49,"column":0},"end":{"line":49,"column":3}},"50":{"start":{"line":51,"column":0},"end":{"line":51,"column":3}},"52":{"start":{"line":53,"column":0},"end":{"line":53,"column":3}},"53":{"start":{"line":54,"column":0},"end":{"line":54,"column":46}},"54":{"start":{"line":55,"column":0},"end":{"line":55,"column":31}},"56":{"start":{"line":57,"column":0},"end":{"line":57,"column":33}},"57":{"start":{"line":58,"column":0},"end":{"line":58,"column":64}},"59":{"start":{"line":60,"column":0},"end":{"line":60,"column":62}},"60":{"start":{"line":61,"column":0},"end":{"line":61,"column":49}},"62":{"start":{"line":63,"column":0},"end":{"line":63,"column":46}},"63":{"start":{"line":64,"column":0},"end":{"line":64,"column":47}},"64":{"start":{"line":65,"column":0},"end":{"line":65,"column":3}},"66":{"start":{"line":67,"column":0},"end":{"line":67,"column":3}},"68":{"start":{"line":69,"column":0},"end":{"line":69,"column":3}},"69":{"start":{"line":70,"column":0},"end":{"line":70,"column":46}},"70":{"start":{"line":71,"column":0},"end":{"line":71,"column":23}},"71":{"start":{"line":72,"column":0},"end":{"line":72,"column":23}},"72":{"start":{"line":73,"column":0},"end":{"line":73,"column":25}},"73":{"start":{"line":74,"column":0},"end":{"line":74,"column":30}},"74":{"start":{"line":75,"column":0},"end":{"line":75,"column":32}},"75":{"start":{"line":76,"column":0},"end":{"line":76,"column":3}},"77":{"start":{"line":78,"column":0},"end":{"line":78,"column":3}},"79":{"start":{"line":80,"column":0},"end":{"line":80,"column":3}},"80":{"start":{"line":81,"column":0},"end":{"line":81,"column":45}},"81":{"start":{"line":82,"column":0},"end":{"line":82,"column":23}},"82":{"start":{"line":83,"column":0},"end":{"line":83,"column":28}},"83":{"start":{"line":84,"column":0},"end":{"line":84,"column":28}},"85":{"start":{"line":86,"column":0},"end":{"line":86,"column":17}},"86":{"start":{"line":87,"column":0},"end":{"line":87,"column":53}},"88":{"start":{"line":89,"column":0},"end":{"line":89,"column":50}},"89":{"start":{"line":90,"column":0},"end":{"line":90,"column":34}},"90":{"start":{"line":91,"column":0},"end":{"line":91,"column":3}}},"s":{"0":0,"2":0,"4":0,"5":0,"6":0,"7":0,"8":0,"9":0,"10":0,"12":0,"14":0,"15":0,"16":0,"17":0,"18":0,"19":0,"21":0,"23":0,"24":0,"25":0,"26":0,"27":0,"29":0,"31":0,"32":0,"33":0,"34":0,"36":0,"37":0,"39":0,"40":0,"42":0,"43":0,"45":0,"46":0,"47":0,"48":0,"50":0,"52":0,"53":0,"54":0,"56":0,"57":0,"59":0,"60":0,"62":0,"63":0,"64":0,"66":0,"68":0,"69":0,"70":0,"71":0,"72":0,"73":0,"74":0,"75":0,"77":0,"79":0,"80":0,"81":0,"82":0,"83":0,"85":0,"86":0,"88":0,"89":0,"90":0},"branchMap":{"0":{"type":"branch","line":1,"loc":{"start":{"line":1,"column":2603},"end":{"line":99,"column":70}},"locations":[{"start":{"line":1,"column":2603},"end":{"line":99,"column":70}}]}},"b":{"0":[0]},"fnMap":{"0":{"name":"(empty-report)","decl":{"start":{"line":1,"column":2603},"end":{"line":99,"column":70}},"loc":{"start":{"line":1,"column":2603},"end":{"line":99,"column":70}},"line":1}},"f":{"0":0}}
}
